{"/Users/vishaljha/Home-Campus-AI-Assignment/src/components/Auth.tsx": {"path":"/Users/vishaljha/Home-Campus-AI-Assignment/src/components/Auth.tsx","all":false,"statementMap":{"0":{"start":{"line":1,"column":0},"end":{"line":1,"column":33}},"8":{"start":{"line":9,"column":0},"end":{"line":9,"column":60}},"9":{"start":{"line":10,"column":0},"end":{"line":10,"column":47}},"10":{"start":{"line":11,"column":0},"end":{"line":11,"column":47}},"11":{"start":{"line":12,"column":0},"end":{"line":12,"column":47}},"12":{"start":{"line":13,"column":0},"end":{"line":13,"column":41}},"13":{"start":{"line":14,"column":0},"end":{"line":14,"column":48}},"15":{"start":{"line":16,"column":0},"end":{"line":16,"column":54}},"16":{"start":{"line":17,"column":0},"end":{"line":17,"column":23}},"17":{"start":{"line":18,"column":0},"end":{"line":18,"column":17}},"18":{"start":{"line":19,"column":0},"end":{"line":19,"column":21}},"20":{"start":{"line":21,"column":0},"end":{"line":21,"column":9}},"21":{"start":{"line":22,"column":0},"end":{"line":22,"column":20}},"22":{"start":{"line":23,"column":0},"end":{"line":23,"column":49}},"23":{"start":{"line":24,"column":0},"end":{"line":24,"column":14}},"24":{"start":{"line":25,"column":0},"end":{"line":25,"column":50}},"25":{"start":{"line":26,"column":0},"end":{"line":26,"column":49}},"26":{"start":{"line":27,"column":0},"end":{"line":27,"column":7}},"27":{"start":{"line":28,"column":0},"end":{"line":28,"column":22}},"28":{"start":{"line":29,"column":0},"end":{"line":29,"column":19}},"29":{"start":{"line":30,"column":0},"end":{"line":30,"column":77}},"30":{"start":{"line":31,"column":0},"end":{"line":31,"column":15}},"31":{"start":{"line":32,"column":0},"end":{"line":32,"column":24}},"32":{"start":{"line":33,"column":0},"end":{"line":33,"column":5}},"33":{"start":{"line":34,"column":0},"end":{"line":34,"column":4}},"35":{"start":{"line":36,"column":0},"end":{"line":36,"column":10}},"36":{"start":{"line":37,"column":0},"end":{"line":37,"column":155}},"38":{"start":{"line":39,"column":0},"end":{"line":39,"column":40}},"39":{"start":{"line":40,"column":0},"end":{"line":40,"column":39}},"40":{"start":{"line":41,"column":0},"end":{"line":41,"column":14}},"41":{"start":{"line":42,"column":0},"end":{"line":42,"column":19}},"42":{"start":{"line":43,"column":0},"end":{"line":43,"column":116}},"43":{"start":{"line":44,"column":0},"end":{"line":44,"column":20}},"44":{"start":{"line":45,"column":0},"end":{"line":45,"column":46}},"45":{"start":{"line":46,"column":0},"end":{"line":46,"column":45}},"46":{"start":{"line":47,"column":0},"end":{"line":47,"column":80}},"47":{"start":{"line":48,"column":0},"end":{"line":48,"column":54}},"48":{"start":{"line":49,"column":0},"end":{"line":49,"column":14}},"53":{"start":{"line":54,"column":0},"end":{"line":54,"column":53}},"54":{"start":{"line":55,"column":0},"end":{"line":55,"column":139}},"56":{"start":{"line":57,"column":0},"end":{"line":57,"column":44}},"57":{"start":{"line":58,"column":0},"end":{"line":58,"column":51}},"58":{"start":{"line":59,"column":0},"end":{"line":59,"column":214}},"59":{"start":{"line":60,"column":0},"end":{"line":60,"column":28}},"60":{"start":{"line":61,"column":0},"end":{"line":61,"column":60}},"62":{"start":{"line":63,"column":0},"end":{"line":63,"column":63}},"65":{"start":{"line":66,"column":0},"end":{"line":66,"column":101}},"67":{"start":{"line":68,"column":0},"end":{"line":68,"column":136}},"68":{"start":{"line":69,"column":0},"end":{"line":69,"column":52}},"70":{"start":{"line":71,"column":0},"end":{"line":71,"column":70}},"73":{"start":{"line":74,"column":0},"end":{"line":74,"column":62}},"74":{"start":{"line":75,"column":0},"end":{"line":75,"column":39}},"75":{"start":{"line":76,"column":0},"end":{"line":76,"column":93}},"78":{"start":{"line":79,"column":0},"end":{"line":79,"column":20}},"79":{"start":{"line":80,"column":0},"end":{"line":80,"column":27}},"80":{"start":{"line":81,"column":0},"end":{"line":81,"column":29}},"81":{"start":{"line":82,"column":0},"end":{"line":82,"column":32}},"82":{"start":{"line":83,"column":0},"end":{"line":83,"column":61}},"83":{"start":{"line":84,"column":0},"end":{"line":84,"column":233}},"84":{"start":{"line":85,"column":0},"end":{"line":85,"column":49}},"85":{"start":{"line":86,"column":0},"end":{"line":86,"column":24}},"89":{"start":{"line":90,"column":0},"end":{"line":90,"column":39}},"90":{"start":{"line":91,"column":0},"end":{"line":91,"column":93}},"93":{"start":{"line":94,"column":0},"end":{"line":94,"column":20}},"94":{"start":{"line":95,"column":0},"end":{"line":95,"column":31}},"95":{"start":{"line":96,"column":0},"end":{"line":96,"column":29}},"96":{"start":{"line":97,"column":0},"end":{"line":97,"column":32}},"97":{"start":{"line":98,"column":0},"end":{"line":98,"column":61}},"98":{"start":{"line":99,"column":0},"end":{"line":99,"column":233}},"99":{"start":{"line":100,"column":0},"end":{"line":100,"column":49}},"100":{"start":{"line":101,"column":0},"end":{"line":101,"column":24}},"104":{"start":{"line":105,"column":0},"end":{"line":105,"column":23}},"105":{"start":{"line":106,"column":0},"end":{"line":106,"column":139}},"106":{"start":{"line":107,"column":0},"end":{"line":107,"column":23}},"110":{"start":{"line":111,"column":0},"end":{"line":111,"column":19}},"111":{"start":{"line":112,"column":0},"end":{"line":112,"column":27}},"112":{"start":{"line":113,"column":0},"end":{"line":113,"column":32}},"113":{"start":{"line":114,"column":0},"end":{"line":114,"column":401}},"115":{"start":{"line":116,"column":0},"end":{"line":116,"column":26}},"116":{"start":{"line":117,"column":0},"end":{"line":117,"column":73}},"117":{"start":{"line":118,"column":0},"end":{"line":118,"column":114}},"120":{"start":{"line":121,"column":0},"end":{"line":121,"column":29}},"121":{"start":{"line":122,"column":0},"end":{"line":122,"column":25}},"123":{"start":{"line":124,"column":0},"end":{"line":124,"column":32}},"128":{"start":{"line":129,"column":0},"end":{"line":129,"column":44}},"129":{"start":{"line":130,"column":0},"end":{"line":130,"column":19}},"130":{"start":{"line":131,"column":0},"end":{"line":131,"column":30}},"131":{"start":{"line":132,"column":0},"end":{"line":132,"column":37}},"132":{"start":{"line":133,"column":0},"end":{"line":133,"column":29}},"133":{"start":{"line":134,"column":0},"end":{"line":134,"column":16}},"134":{"start":{"line":135,"column":0},"end":{"line":135,"column":110}},"136":{"start":{"line":137,"column":0},"end":{"line":137,"column":95}},"143":{"start":{"line":144,"column":0},"end":{"line":144,"column":1}}},"s":{"0":1,"8":1,"9":203,"10":203,"11":203,"12":203,"13":203,"15":203,"16":9,"17":9,"18":9,"20":9,"21":9,"22":8,"23":9,"24":1,"25":1,"26":1,"27":4,"28":4,"29":3,"30":9,"31":7,"32":7,"33":9,"35":203,"36":203,"38":203,"39":203,"40":203,"41":203,"42":203,"43":203,"44":203,"45":203,"46":203,"47":203,"48":203,"53":203,"54":203,"56":203,"57":203,"58":203,"59":203,"60":168,"62":203,"65":203,"67":203,"68":203,"70":203,"73":203,"74":203,"75":203,"78":203,"79":203,"80":203,"81":203,"82":203,"83":203,"84":203,"85":203,"89":203,"90":203,"93":203,"94":203,"95":203,"96":203,"97":203,"98":203,"99":203,"100":203,"104":203,"105":203,"106":203,"110":203,"111":203,"112":203,"113":203,"115":203,"116":9,"117":9,"120":9,"121":160,"123":34,"128":203,"129":203,"130":203,"131":5,"132":5,"133":5,"134":203,"136":203,"143":203},"branchMap":{"0":{"type":"branch","line":9,"loc":{"start":{"line":9,"column":15},"end":{"line":144,"column":1}},"locations":[{"start":{"line":9,"column":15},"end":{"line":144,"column":1}}]},"1":{"type":"branch","line":60,"loc":{"start":{"line":60,"column":17},"end":{"line":63,"column":19}},"locations":[{"start":{"line":60,"column":17},"end":{"line":63,"column":19}}]},"2":{"type":"branch","line":69,"loc":{"start":{"line":69,"column":15},"end":{"line":69,"column":42}},"locations":[{"start":{"line":69,"column":15},"end":{"line":69,"column":42}}]},"3":{"type":"branch","line":69,"loc":{"start":{"line":69,"column":25},"end":{"line":69,"column":52}},"locations":[{"start":{"line":69,"column":25},"end":{"line":69,"column":52}}]},"4":{"type":"branch","line":116,"loc":{"start":{"line":116,"column":15},"end":{"line":121,"column":29}},"locations":[{"start":{"line":116,"column":15},"end":{"line":121,"column":29}}]},"5":{"type":"branch","line":121,"loc":{"start":{"line":121,"column":18},"end":{"line":124,"column":32}},"locations":[{"start":{"line":121,"column":18},"end":{"line":124,"column":32}}]},"6":{"type":"branch","line":121,"loc":{"start":{"line":121,"column":18},"end":{"line":122,"column":25}},"locations":[{"start":{"line":121,"column":18},"end":{"line":122,"column":25}}]},"7":{"type":"branch","line":122,"loc":{"start":{"line":122,"column":16},"end":{"line":124,"column":32}},"locations":[{"start":{"line":122,"column":16},"end":{"line":124,"column":32}}]},"8":{"type":"branch","line":137,"loc":{"start":{"line":137,"column":15},"end":{"line":137,"column":60}},"locations":[{"start":{"line":137,"column":15},"end":{"line":137,"column":60}}]},"9":{"type":"branch","line":137,"loc":{"start":{"line":137,"column":25},"end":{"line":137,"column":95}},"locations":[{"start":{"line":137,"column":25},"end":{"line":137,"column":95}}]},"10":{"type":"branch","line":16,"loc":{"start":{"line":16,"column":23},"end":{"line":34,"column":4}},"locations":[{"start":{"line":16,"column":23},"end":{"line":34,"column":4}}]},"11":{"type":"branch","line":22,"loc":{"start":{"line":22,"column":19},"end":{"line":24,"column":13}},"locations":[{"start":{"line":22,"column":19},"end":{"line":24,"column":13}}]},"12":{"type":"branch","line":23,"loc":{"start":{"line":23,"column":39},"end":{"line":24,"column":13}},"locations":[{"start":{"line":23,"column":39},"end":{"line":24,"column":13}}]},"13":{"type":"branch","line":24,"loc":{"start":{"line":24,"column":6},"end":{"line":27,"column":7}},"locations":[{"start":{"line":24,"column":6},"end":{"line":27,"column":7}}]},"14":{"type":"branch","line":27,"loc":{"start":{"line":27,"column":6},"end":{"line":31,"column":14}},"locations":[{"start":{"line":27,"column":6},"end":{"line":31,"column":14}}]},"15":{"type":"branch","line":29,"loc":{"start":{"line":29,"column":6},"end":{"line":31,"column":14}},"locations":[{"start":{"line":29,"column":6},"end":{"line":31,"column":14}}]},"16":{"type":"branch","line":30,"loc":{"start":{"line":30,"column":49},"end":{"line":30,"column":77}},"locations":[{"start":{"line":30,"column":49},"end":{"line":30,"column":77}}]},"17":{"type":"branch","line":31,"loc":{"start":{"line":31,"column":4},"end":{"line":33,"column":5}},"locations":[{"start":{"line":31,"column":4},"end":{"line":33,"column":5}}]},"18":{"type":"branch","line":83,"loc":{"start":{"line":83,"column":26},"end":{"line":83,"column":61}},"locations":[{"start":{"line":83,"column":26},"end":{"line":83,"column":61}}]},"19":{"type":"branch","line":98,"loc":{"start":{"line":98,"column":26},"end":{"line":98,"column":61}},"locations":[{"start":{"line":98,"column":26},"end":{"line":98,"column":61}}]},"20":{"type":"branch","line":131,"loc":{"start":{"line":131,"column":23},"end":{"line":134,"column":16}},"locations":[{"start":{"line":131,"column":23},"end":{"line":134,"column":16}}]}},"b":{"0":[203],"1":[168],"2":[168],"3":[35],"4":[9],"5":[194],"6":[160],"7":[34],"8":[168],"9":[35],"10":[9],"11":[8],"12":[3],"13":[1],"14":[4],"15":[3],"16":[0],"17":[7],"18":[87],"19":[81],"20":[5]},"fnMap":{"0":{"name":"Auth","decl":{"start":{"line":9,"column":15},"end":{"line":144,"column":1}},"loc":{"start":{"line":9,"column":15},"end":{"line":144,"column":1}},"line":9},"1":{"name":"handleSubmit","decl":{"start":{"line":16,"column":23},"end":{"line":34,"column":4}},"loc":{"start":{"line":16,"column":23},"end":{"line":34,"column":4}},"line":16},"2":{"name":"onChange","decl":{"start":{"line":83,"column":26},"end":{"line":83,"column":61}},"loc":{"start":{"line":83,"column":26},"end":{"line":83,"column":61}},"line":83},"3":{"name":"onChange","decl":{"start":{"line":98,"column":26},"end":{"line":98,"column":61}},"loc":{"start":{"line":98,"column":26},"end":{"line":98,"column":61}},"line":98},"4":{"name":"onClick","decl":{"start":{"line":131,"column":23},"end":{"line":134,"column":16}},"loc":{"start":{"line":131,"column":23},"end":{"line":134,"column":16}},"line":131}},"f":{"0":203,"1":9,"2":87,"3":81,"4":5}}
,"/Users/vishaljha/Home-Campus-AI-Assignment/src/components/Dashboard.tsx": {"path":"/Users/vishaljha/Home-Campus-AI-Assignment/src/components/Dashboard.tsx","all":false,"statementMap":{"0":{"start":{"line":1,"column":0},"end":{"line":1,"column":44}},"27":{"start":{"line":28,"column":0},"end":{"line":28,"column":65}},"28":{"start":{"line":29,"column":0},"end":{"line":29,"column":58}},"29":{"start":{"line":30,"column":0},"end":{"line":30,"column":47}},"30":{"start":{"line":31,"column":0},"end":{"line":31,"column":38}},"31":{"start":{"line":32,"column":0},"end":{"line":32,"column":50}},"32":{"start":{"line":33,"column":0},"end":{"line":33,"column":43}},"33":{"start":{"line":34,"column":0},"end":{"line":34,"column":55}},"34":{"start":{"line":35,"column":0},"end":{"line":35,"column":52}},"35":{"start":{"line":36,"column":0},"end":{"line":36,"column":78}},"36":{"start":{"line":37,"column":0},"end":{"line":37,"column":82}},"37":{"start":{"line":38,"column":0},"end":{"line":38,"column":49}},"39":{"start":{"line":40,"column":0},"end":{"line":40,"column":19}},"41":{"start":{"line":42,"column":0},"end":{"line":42,"column":37}},"42":{"start":{"line":43,"column":0},"end":{"line":43,"column":21}},"43":{"start":{"line":44,"column":0},"end":{"line":44,"column":17}},"44":{"start":{"line":45,"column":0},"end":{"line":45,"column":9}},"45":{"start":{"line":46,"column":0},"end":{"line":46,"column":63}},"46":{"start":{"line":47,"column":0},"end":{"line":47,"column":54}},"47":{"start":{"line":48,"column":0},"end":{"line":48,"column":42}},"49":{"start":{"line":50,"column":0},"end":{"line":50,"column":67}},"51":{"start":{"line":52,"column":0},"end":{"line":52,"column":32}},"52":{"start":{"line":53,"column":0},"end":{"line":53,"column":26}},"53":{"start":{"line":54,"column":0},"end":{"line":54,"column":59}},"54":{"start":{"line":55,"column":0},"end":{"line":55,"column":14}},"55":{"start":{"line":56,"column":0},"end":{"line":56,"column":24}},"56":{"start":{"line":57,"column":0},"end":{"line":57,"column":7}},"57":{"start":{"line":58,"column":0},"end":{"line":58,"column":19}},"58":{"start":{"line":59,"column":0},"end":{"line":59,"column":54}},"59":{"start":{"line":60,"column":0},"end":{"line":60,"column":79}},"60":{"start":{"line":61,"column":0},"end":{"line":61,"column":22}},"61":{"start":{"line":62,"column":0},"end":{"line":62,"column":15}},"62":{"start":{"line":63,"column":0},"end":{"line":63,"column":24}},"63":{"start":{"line":64,"column":0},"end":{"line":64,"column":5}},"64":{"start":{"line":65,"column":0},"end":{"line":65,"column":4}},"66":{"start":{"line":67,"column":0},"end":{"line":67,"column":19}},"67":{"start":{"line":68,"column":0},"end":{"line":68,"column":20}},"68":{"start":{"line":69,"column":0},"end":{"line":69,"column":35}},"70":{"start":{"line":71,"column":0},"end":{"line":71,"column":68}},"71":{"start":{"line":72,"column":0},"end":{"line":72,"column":43}},"72":{"start":{"line":73,"column":0},"end":{"line":73,"column":24}},"73":{"start":{"line":74,"column":0},"end":{"line":74,"column":15}},"74":{"start":{"line":75,"column":0},"end":{"line":75,"column":26}},"75":{"start":{"line":76,"column":0},"end":{"line":76,"column":4}},"77":{"start":{"line":78,"column":0},"end":{"line":78,"column":71}},"78":{"start":{"line":79,"column":0},"end":{"line":79,"column":25}},"79":{"start":{"line":80,"column":0},"end":{"line":80,"column":64}},"80":{"start":{"line":81,"column":0},"end":{"line":81,"column":26}},"81":{"start":{"line":82,"column":0},"end":{"line":82,"column":35}},"82":{"start":{"line":83,"column":0},"end":{"line":83,"column":28}},"83":{"start":{"line":84,"column":0},"end":{"line":84,"column":5}},"84":{"start":{"line":85,"column":0},"end":{"line":85,"column":4}},"86":{"start":{"line":87,"column":0},"end":{"line":87,"column":53}},"87":{"start":{"line":88,"column":0},"end":{"line":88,"column":9}},"88":{"start":{"line":89,"column":0},"end":{"line":89,"column":36}},"89":{"start":{"line":90,"column":0},"end":{"line":90,"column":33}},"90":{"start":{"line":91,"column":0},"end":{"line":91,"column":28}},"91":{"start":{"line":92,"column":0},"end":{"line":92,"column":19}},"92":{"start":{"line":93,"column":0},"end":{"line":93,"column":80}},"93":{"start":{"line":94,"column":0},"end":{"line":94,"column":5}},"94":{"start":{"line":95,"column":0},"end":{"line":95,"column":4}},"96":{"start":{"line":97,"column":0},"end":{"line":97,"column":30}},"97":{"start":{"line":98,"column":0},"end":{"line":98,"column":22}},"98":{"start":{"line":99,"column":0},"end":{"line":99,"column":15}},"99":{"start":{"line":100,"column":0},"end":{"line":100,"column":4}},"101":{"start":{"line":102,"column":0},"end":{"line":102,"column":17}},"102":{"start":{"line":103,"column":0},"end":{"line":103,"column":27}},"103":{"start":{"line":104,"column":0},"end":{"line":104,"column":71}},"104":{"start":{"line":105,"column":0},"end":{"line":105,"column":19}},"105":{"start":{"line":106,"column":0},"end":{"line":106,"column":25}},"106":{"start":{"line":107,"column":0},"end":{"line":107,"column":11}},"107":{"start":{"line":108,"column":0},"end":{"line":108,"column":28}},"108":{"start":{"line":109,"column":0},"end":{"line":109,"column":61}},"109":{"start":{"line":110,"column":0},"end":{"line":110,"column":15}},"110":{"start":{"line":111,"column":0},"end":{"line":111,"column":31}},"111":{"start":{"line":112,"column":0},"end":{"line":112,"column":22}},"112":{"start":{"line":113,"column":0},"end":{"line":113,"column":14}},"113":{"start":{"line":114,"column":0},"end":{"line":114,"column":4}},"115":{"start":{"line":116,"column":0},"end":{"line":116,"column":10}},"116":{"start":{"line":117,"column":0},"end":{"line":117,"column":118}},"118":{"start":{"line":119,"column":0},"end":{"line":119,"column":40}},"119":{"start":{"line":120,"column":0},"end":{"line":120,"column":39}},"120":{"start":{"line":121,"column":0},"end":{"line":121,"column":14}},"121":{"start":{"line":122,"column":0},"end":{"line":122,"column":19}},"122":{"start":{"line":123,"column":0},"end":{"line":123,"column":114}},"123":{"start":{"line":124,"column":0},"end":{"line":124,"column":20}},"124":{"start":{"line":125,"column":0},"end":{"line":125,"column":46}},"125":{"start":{"line":126,"column":0},"end":{"line":126,"column":45}},"126":{"start":{"line":127,"column":0},"end":{"line":127,"column":80}},"127":{"start":{"line":128,"column":0},"end":{"line":128,"column":54}},"128":{"start":{"line":129,"column":0},"end":{"line":129,"column":14}},"133":{"start":{"line":134,"column":0},"end":{"line":134,"column":72}},"134":{"start":{"line":135,"column":0},"end":{"line":135,"column":64}},"135":{"start":{"line":136,"column":0},"end":{"line":136,"column":66}},"136":{"start":{"line":137,"column":0},"end":{"line":137,"column":57}},"137":{"start":{"line":138,"column":0},"end":{"line":138,"column":140}},"138":{"start":{"line":139,"column":0},"end":{"line":139,"column":64}},"140":{"start":{"line":141,"column":0},"end":{"line":141,"column":121}},"144":{"start":{"line":145,"column":0},"end":{"line":145,"column":19}},"145":{"start":{"line":146,"column":0},"end":{"line":146,"column":36}},"146":{"start":{"line":147,"column":0},"end":{"line":147,"column":224}},"148":{"start":{"line":149,"column":0},"end":{"line":149,"column":44}},"149":{"start":{"line":150,"column":0},"end":{"line":150,"column":33}},"155":{"start":{"line":156,"column":0},"end":{"line":156,"column":81}},"157":{"start":{"line":158,"column":0},"end":{"line":158,"column":68}},"158":{"start":{"line":159,"column":0},"end":{"line":159,"column":155}},"159":{"start":{"line":160,"column":0},"end":{"line":160,"column":63}},"160":{"start":{"line":161,"column":0},"end":{"line":161,"column":19}},"161":{"start":{"line":162,"column":0},"end":{"line":162,"column":84}},"162":{"start":{"line":163,"column":0},"end":{"line":163,"column":83}},"164":{"start":{"line":165,"column":0},"end":{"line":165,"column":147}},"165":{"start":{"line":166,"column":0},"end":{"line":166,"column":59}},"170":{"start":{"line":171,"column":0},"end":{"line":171,"column":155}},"171":{"start":{"line":172,"column":0},"end":{"line":172,"column":63}},"172":{"start":{"line":173,"column":0},"end":{"line":173,"column":19}},"173":{"start":{"line":174,"column":0},"end":{"line":174,"column":90}},"174":{"start":{"line":175,"column":0},"end":{"line":175,"column":89}},"176":{"start":{"line":177,"column":0},"end":{"line":177,"column":149}},"177":{"start":{"line":178,"column":0},"end":{"line":178,"column":59}},"182":{"start":{"line":183,"column":0},"end":{"line":183,"column":156}},"183":{"start":{"line":184,"column":0},"end":{"line":184,"column":63}},"184":{"start":{"line":185,"column":0},"end":{"line":185,"column":19}},"185":{"start":{"line":186,"column":0},"end":{"line":186,"column":85}},"186":{"start":{"line":187,"column":0},"end":{"line":187,"column":93}},"188":{"start":{"line":189,"column":0},"end":{"line":189,"column":151}},"189":{"start":{"line":190,"column":0},"end":{"line":190,"column":65}},"196":{"start":{"line":197,"column":0},"end":{"line":197,"column":74}},"197":{"start":{"line":198,"column":0},"end":{"line":198,"column":99}},"198":{"start":{"line":199,"column":0},"end":{"line":199,"column":120}},"201":{"start":{"line":202,"column":0},"end":{"line":202,"column":19}},"202":{"start":{"line":203,"column":0},"end":{"line":203,"column":30}},"203":{"start":{"line":204,"column":0},"end":{"line":204,"column":45}},"204":{"start":{"line":205,"column":0},"end":{"line":205,"column":35}},"205":{"start":{"line":206,"column":0},"end":{"line":206,"column":16}},"206":{"start":{"line":207,"column":0},"end":{"line":207,"column":263}},"208":{"start":{"line":209,"column":0},"end":{"line":209,"column":42}},"209":{"start":{"line":210,"column":0},"end":{"line":210,"column":38}},"213":{"start":{"line":214,"column":0},"end":{"line":214,"column":21}},"214":{"start":{"line":215,"column":0},"end":{"line":215,"column":134}},"215":{"start":{"line":216,"column":0},"end":{"line":216,"column":21}},"220":{"start":{"line":221,"column":0},"end":{"line":221,"column":64}},"221":{"start":{"line":222,"column":0},"end":{"line":222,"column":45}},"222":{"start":{"line":223,"column":0},"end":{"line":223,"column":110}},"223":{"start":{"line":224,"column":0},"end":{"line":224,"column":20}},"224":{"start":{"line":225,"column":0},"end":{"line":225,"column":27}},"225":{"start":{"line":226,"column":0},"end":{"line":226,"column":47}},"226":{"start":{"line":227,"column":0},"end":{"line":227,"column":30}},"227":{"start":{"line":228,"column":0},"end":{"line":228,"column":34}},"228":{"start":{"line":229,"column":0},"end":{"line":229,"column":44}},"229":{"start":{"line":230,"column":0},"end":{"line":230,"column":29}},"230":{"start":{"line":231,"column":0},"end":{"line":231,"column":18}},"231":{"start":{"line":232,"column":0},"end":{"line":232,"column":239}},"235":{"start":{"line":236,"column":0},"end":{"line":236,"column":38}},"236":{"start":{"line":237,"column":0},"end":{"line":237,"column":110}},"237":{"start":{"line":238,"column":0},"end":{"line":238,"column":21}},"238":{"start":{"line":239,"column":0},"end":{"line":239,"column":36}},"239":{"start":{"line":240,"column":0},"end":{"line":240,"column":34}},"240":{"start":{"line":241,"column":0},"end":{"line":241,"column":50}},"241":{"start":{"line":242,"column":0},"end":{"line":242,"column":29}},"242":{"start":{"line":243,"column":0},"end":{"line":243,"column":18}},"243":{"start":{"line":244,"column":0},"end":{"line":244,"column":241}},"245":{"start":{"line":246,"column":0},"end":{"line":246,"column":52}},"246":{"start":{"line":247,"column":0},"end":{"line":247,"column":54}},"247":{"start":{"line":248,"column":0},"end":{"line":248,"column":58}},"248":{"start":{"line":249,"column":0},"end":{"line":249,"column":60}},"254":{"start":{"line":255,"column":0},"end":{"line":255,"column":22}},"255":{"start":{"line":256,"column":0},"end":{"line":256,"column":47}},"256":{"start":{"line":257,"column":0},"end":{"line":257,"column":68}},"257":{"start":{"line":258,"column":0},"end":{"line":258,"column":93}},"258":{"start":{"line":259,"column":0},"end":{"line":259,"column":124}},"260":{"start":{"line":261,"column":0},"end":{"line":261,"column":75}},"262":{"start":{"line":263,"column":0},"end":{"line":263,"column":39}},"263":{"start":{"line":264,"column":0},"end":{"line":264,"column":47}},"264":{"start":{"line":265,"column":0},"end":{"line":265,"column":145}},"265":{"start":{"line":266,"column":0},"end":{"line":266,"column":62}},"267":{"start":{"line":268,"column":0},"end":{"line":268,"column":73}},"270":{"start":{"line":271,"column":0},"end":{"line":271,"column":14}},"271":{"start":{"line":272,"column":0},"end":{"line":272,"column":85}},"272":{"start":{"line":273,"column":0},"end":{"line":273,"column":42}},"273":{"start":{"line":274,"column":0},"end":{"line":274,"column":53}},"274":{"start":{"line":275,"column":0},"end":{"line":275,"column":62}},"275":{"start":{"line":276,"column":0},"end":{"line":276,"column":96}},"276":{"start":{"line":277,"column":0},"end":{"line":277,"column":98}},"277":{"start":{"line":278,"column":0},"end":{"line":278,"column":103}},"278":{"start":{"line":279,"column":0},"end":{"line":279,"column":102}},"279":{"start":{"line":280,"column":0},"end":{"line":280,"column":102}},"280":{"start":{"line":281,"column":0},"end":{"line":281,"column":95}},"281":{"start":{"line":282,"column":0},"end":{"line":282,"column":100}},"284":{"start":{"line":285,"column":0},"end":{"line":285,"column":25}},"285":{"start":{"line":286,"column":0},"end":{"line":286,"column":53}},"286":{"start":{"line":287,"column":0},"end":{"line":287,"column":26}},"287":{"start":{"line":288,"column":0},"end":{"line":288,"column":41}},"288":{"start":{"line":289,"column":0},"end":{"line":289,"column":114}},"289":{"start":{"line":290,"column":0},"end":{"line":290,"column":68}},"291":{"start":{"line":292,"column":0},"end":{"line":292,"column":92}},"292":{"start":{"line":293,"column":0},"end":{"line":293,"column":50}},"293":{"start":{"line":294,"column":0},"end":{"line":294,"column":31}},"294":{"start":{"line":295,"column":0},"end":{"line":295,"column":99}},"295":{"start":{"line":296,"column":0},"end":{"line":296,"column":57}},"296":{"start":{"line":297,"column":0},"end":{"line":297,"column":93}},"297":{"start":{"line":298,"column":0},"end":{"line":298,"column":63}},"298":{"start":{"line":299,"column":0},"end":{"line":299,"column":87}},"299":{"start":{"line":300,"column":0},"end":{"line":300,"column":90}},"300":{"start":{"line":301,"column":0},"end":{"line":301,"column":31}},"302":{"start":{"line":303,"column":0},"end":{"line":303,"column":44}},"305":{"start":{"line":306,"column":0},"end":{"line":306,"column":50}},"306":{"start":{"line":307,"column":0},"end":{"line":307,"column":59}},"307":{"start":{"line":308,"column":0},"end":{"line":308,"column":159}},"308":{"start":{"line":309,"column":0},"end":{"line":309,"column":59}},"309":{"start":{"line":310,"column":0},"end":{"line":310,"column":80}},"312":{"start":{"line":313,"column":0},"end":{"line":313,"column":78}},"315":{"start":{"line":316,"column":0},"end":{"line":316,"column":50}},"316":{"start":{"line":317,"column":0},"end":{"line":317,"column":67}},"317":{"start":{"line":318,"column":0},"end":{"line":318,"column":112}},"318":{"start":{"line":319,"column":0},"end":{"line":319,"column":35}},"319":{"start":{"line":320,"column":0},"end":{"line":320,"column":121}},"320":{"start":{"line":321,"column":0},"end":{"line":321,"column":86}},"323":{"start":{"line":324,"column":0},"end":{"line":324,"column":120}},"326":{"start":{"line":327,"column":0},"end":{"line":327,"column":108}},"327":{"start":{"line":328,"column":0},"end":{"line":328,"column":50}},"328":{"start":{"line":329,"column":0},"end":{"line":329,"column":122}},"330":{"start":{"line":331,"column":0},"end":{"line":331,"column":50}},"331":{"start":{"line":332,"column":0},"end":{"line":332,"column":83}},"332":{"start":{"line":333,"column":0},"end":{"line":333,"column":35}},"333":{"start":{"line":334,"column":0},"end":{"line":334,"column":46}},"334":{"start":{"line":335,"column":0},"end":{"line":335,"column":59}},"335":{"start":{"line":336,"column":0},"end":{"line":336,"column":51}},"336":{"start":{"line":337,"column":0},"end":{"line":337,"column":32}},"337":{"start":{"line":338,"column":0},"end":{"line":338,"column":170}},"339":{"start":{"line":340,"column":0},"end":{"line":340,"column":59}},"341":{"start":{"line":342,"column":0},"end":{"line":342,"column":35}},"342":{"start":{"line":343,"column":0},"end":{"line":343,"column":78}},"343":{"start":{"line":344,"column":0},"end":{"line":344,"column":167}},"345":{"start":{"line":346,"column":0},"end":{"line":346,"column":60}},"356":{"start":{"line":357,"column":0},"end":{"line":357,"column":70}},"357":{"start":{"line":358,"column":0},"end":{"line":358,"column":54}},"358":{"start":{"line":359,"column":0},"end":{"line":359,"column":52}},"360":{"start":{"line":361,"column":0},"end":{"line":361,"column":61}},"361":{"start":{"line":362,"column":0},"end":{"line":362,"column":25}},"362":{"start":{"line":363,"column":0},"end":{"line":363,"column":53}},"363":{"start":{"line":364,"column":0},"end":{"line":364,"column":41}},"364":{"start":{"line":365,"column":0},"end":{"line":365,"column":200}},"366":{"start":{"line":367,"column":0},"end":{"line":367,"column":55}},"368":{"start":{"line":369,"column":0},"end":{"line":369,"column":112}},"369":{"start":{"line":370,"column":0},"end":{"line":370,"column":31}},"371":{"start":{"line":372,"column":0},"end":{"line":372,"column":25}},"372":{"start":{"line":373,"column":0},"end":{"line":373,"column":53}},"373":{"start":{"line":374,"column":0},"end":{"line":374,"column":54}},"374":{"start":{"line":375,"column":0},"end":{"line":375,"column":200}},"376":{"start":{"line":377,"column":0},"end":{"line":377,"column":56}},"386":{"start":{"line":387,"column":0},"end":{"line":387,"column":21}},"387":{"start":{"line":388,"column":0},"end":{"line":388,"column":21}},"388":{"start":{"line":389,"column":0},"end":{"line":389,"column":34}},"389":{"start":{"line":390,"column":0},"end":{"line":390,"column":26}},"390":{"start":{"line":391,"column":0},"end":{"line":391,"column":32}},"391":{"start":{"line":392,"column":0},"end":{"line":392,"column":41}},"392":{"start":{"line":393,"column":0},"end":{"line":393,"column":12}},"393":{"start":{"line":394,"column":0},"end":{"line":394,"column":74}},"397":{"start":{"line":398,"column":0},"end":{"line":398,"column":29}},"398":{"start":{"line":399,"column":0},"end":{"line":399,"column":142}},"399":{"start":{"line":400,"column":0},"end":{"line":400,"column":134}},"400":{"start":{"line":401,"column":0},"end":{"line":401,"column":82}},"401":{"start":{"line":402,"column":0},"end":{"line":402,"column":47}},"404":{"start":{"line":405,"column":0},"end":{"line":405,"column":40}},"405":{"start":{"line":406,"column":0},"end":{"line":406,"column":21}},"406":{"start":{"line":407,"column":0},"end":{"line":407,"column":58}},"407":{"start":{"line":408,"column":0},"end":{"line":408,"column":168}},"408":{"start":{"line":409,"column":0},"end":{"line":409,"column":15}},"411":{"start":{"line":412,"column":0},"end":{"line":412,"column":21}},"412":{"start":{"line":413,"column":0},"end":{"line":413,"column":70}},"413":{"start":{"line":414,"column":0},"end":{"line":414,"column":213}},"414":{"start":{"line":415,"column":0},"end":{"line":415,"column":15}},"423":{"start":{"line":424,"column":0},"end":{"line":424,"column":1}}},"s":{"0":1,"27":1,"28":124,"29":124,"30":124,"31":124,"32":124,"33":124,"34":124,"35":124,"36":124,"37":124,"39":124,"41":124,"42":41,"43":41,"44":41,"45":41,"46":41,"47":41,"49":41,"51":39,"52":39,"53":39,"54":41,"55":0,"56":0,"57":41,"58":1,"59":1,"60":1,"61":41,"62":40,"63":40,"64":41,"66":124,"67":34,"68":124,"70":124,"71":2,"72":2,"73":2,"74":2,"75":2,"77":124,"78":2,"79":2,"80":2,"81":2,"82":2,"83":2,"84":2,"86":124,"87":4,"88":4,"89":3,"90":3,"91":4,"92":1,"93":1,"94":4,"96":124,"97":1,"98":1,"99":1,"101":124,"102":124,"103":124,"104":124,"105":124,"106":89,"107":89,"108":89,"109":89,"110":89,"111":89,"112":35,"113":124,"115":124,"116":124,"118":124,"119":124,"120":124,"121":124,"122":124,"123":124,"124":124,"125":124,"126":124,"127":124,"128":124,"133":124,"134":124,"135":124,"136":124,"137":124,"138":124,"140":124,"144":124,"145":124,"146":124,"148":124,"149":124,"155":124,"157":124,"158":124,"159":124,"160":124,"161":124,"162":124,"164":124,"165":124,"170":124,"171":124,"172":124,"173":124,"174":124,"176":124,"177":124,"182":124,"183":124,"184":124,"185":124,"186":124,"188":124,"189":124,"196":124,"197":124,"198":124,"201":124,"202":124,"203":3,"204":3,"205":3,"206":124,"208":124,"209":124,"213":124,"214":124,"215":124,"220":124,"221":124,"222":124,"223":124,"224":124,"225":124,"226":124,"227":124,"228":6,"229":6,"230":6,"231":124,"235":124,"236":124,"237":124,"238":124,"239":124,"240":0,"241":0,"242":0,"243":124,"245":124,"246":124,"247":124,"248":124,"254":124,"255":41,"256":41,"257":41,"258":41,"260":41,"262":124,"263":7,"264":7,"265":7,"267":7,"270":7,"271":124,"272":124,"273":124,"274":124,"275":124,"276":124,"277":124,"278":124,"279":124,"280":124,"281":124,"284":124,"285":124,"286":124,"287":124,"288":124,"289":124,"291":124,"292":124,"293":124,"294":124,"295":124,"296":152,"297":76,"298":37,"299":39,"300":124,"302":124,"305":124,"306":124,"307":152,"308":152,"309":152,"312":124,"315":124,"316":124,"317":124,"318":124,"319":124,"320":124,"323":124,"326":124,"327":124,"328":124,"330":124,"331":124,"332":124,"333":124,"334":3,"335":3,"336":3,"337":124,"339":124,"341":124,"342":124,"343":124,"345":124,"356":124,"357":124,"358":124,"360":124,"361":124,"362":124,"363":124,"364":124,"366":124,"368":124,"369":124,"371":124,"372":124,"373":124,"374":124,"376":124,"386":124,"387":124,"388":124,"389":124,"390":0,"391":0,"392":0,"393":124,"397":124,"398":124,"399":124,"400":124,"401":124,"404":124,"405":124,"406":124,"407":124,"408":124,"411":124,"412":124,"413":124,"414":124,"423":124},"branchMap":{"0":{"type":"branch","line":28,"loc":{"start":{"line":28,"column":15},"end":{"line":424,"column":1}},"locations":[{"start":{"line":28,"column":15},"end":{"line":424,"column":1}}]},"1":{"type":"branch","line":106,"loc":{"start":{"line":106,"column":24},"end":{"line":112,"column":22}},"locations":[{"start":{"line":106,"column":24},"end":{"line":112,"column":22}}]},"2":{"type":"branch","line":112,"loc":{"start":{"line":112,"column":20},"end":{"line":113,"column":14}},"locations":[{"start":{"line":112,"column":20},"end":{"line":113,"column":14}}]},"3":{"type":"branch","line":255,"loc":{"start":{"line":255,"column":11},"end":{"line":263,"column":23}},"locations":[{"start":{"line":255,"column":11},"end":{"line":263,"column":23}}]},"4":{"type":"branch","line":263,"loc":{"start":{"line":263,"column":34},"end":{"line":271,"column":14}},"locations":[{"start":{"line":263,"column":34},"end":{"line":271,"column":14}}]},"5":{"type":"branch","line":394,"loc":{"start":{"line":394,"column":18},"end":{"line":394,"column":57}},"locations":[{"start":{"line":394,"column":18},"end":{"line":394,"column":57}}]},"6":{"type":"branch","line":394,"loc":{"start":{"line":394,"column":35},"end":{"line":394,"column":74}},"locations":[{"start":{"line":394,"column":35},"end":{"line":394,"column":74}}]},"7":{"type":"branch","line":42,"loc":{"start":{"line":42,"column":24},"end":{"line":65,"column":4}},"locations":[{"start":{"line":42,"column":24},"end":{"line":65,"column":4}}]},"8":{"type":"branch","line":47,"loc":{"start":{"line":47,"column":24},"end":{"line":47,"column":54}},"locations":[{"start":{"line":47,"column":24},"end":{"line":47,"column":54}}]},"9":{"type":"branch","line":48,"loc":{"start":{"line":48,"column":18},"end":{"line":48,"column":42}},"locations":[{"start":{"line":48,"column":18},"end":{"line":48,"column":42}}]},"10":{"type":"branch","line":50,"loc":{"start":{"line":50,"column":58},"end":{"line":55,"column":13}},"locations":[{"start":{"line":50,"column":58},"end":{"line":55,"column":13}}]},"11":{"type":"branch","line":54,"loc":{"start":{"line":54,"column":46},"end":{"line":54,"column":59}},"locations":[{"start":{"line":54,"column":46},"end":{"line":54,"column":59}}]},"12":{"type":"branch","line":55,"loc":{"start":{"line":55,"column":6},"end":{"line":57,"column":7}},"locations":[{"start":{"line":55,"column":6},"end":{"line":57,"column":7}}]},"13":{"type":"branch","line":58,"loc":{"start":{"line":58,"column":6},"end":{"line":62,"column":14}},"locations":[{"start":{"line":58,"column":6},"end":{"line":62,"column":14}}]},"14":{"type":"branch","line":60,"loc":{"start":{"line":60,"column":49},"end":{"line":60,"column":79}},"locations":[{"start":{"line":60,"column":49},"end":{"line":60,"column":79}}]},"15":{"type":"branch","line":62,"loc":{"start":{"line":62,"column":4},"end":{"line":64,"column":5}},"locations":[{"start":{"line":62,"column":4},"end":{"line":64,"column":5}}]},"16":{"type":"branch","line":67,"loc":{"start":{"line":67,"column":12},"end":{"line":69,"column":5}},"locations":[{"start":{"line":67,"column":12},"end":{"line":69,"column":5}}]},"17":{"type":"branch","line":71,"loc":{"start":{"line":71,"column":27},"end":{"line":76,"column":4}},"locations":[{"start":{"line":71,"column":27},"end":{"line":76,"column":4}}]},"18":{"type":"branch","line":78,"loc":{"start":{"line":78,"column":30},"end":{"line":85,"column":4}},"locations":[{"start":{"line":78,"column":30},"end":{"line":85,"column":4}}]},"19":{"type":"branch","line":87,"loc":{"start":{"line":87,"column":30},"end":{"line":95,"column":4}},"locations":[{"start":{"line":87,"column":30},"end":{"line":95,"column":4}}]},"20":{"type":"branch","line":89,"loc":{"start":{"line":89,"column":32},"end":{"line":92,"column":6}},"locations":[{"start":{"line":89,"column":32},"end":{"line":92,"column":6}}]},"21":{"type":"branch","line":92,"loc":{"start":{"line":92,"column":6},"end":{"line":94,"column":5}},"locations":[{"start":{"line":92,"column":6},"end":{"line":94,"column":5}}]},"22":{"type":"branch","line":93,"loc":{"start":{"line":93,"column":49},"end":{"line":93,"column":80}},"locations":[{"start":{"line":93,"column":49},"end":{"line":93,"column":80}}]},"23":{"type":"branch","line":97,"loc":{"start":{"line":97,"column":23},"end":{"line":100,"column":4}},"locations":[{"start":{"line":97,"column":23},"end":{"line":100,"column":4}}]},"24":{"type":"branch","line":104,"loc":{"start":{"line":104,"column":33},"end":{"line":104,"column":64}},"locations":[{"start":{"line":104,"column":33},"end":{"line":104,"column":64}}]},"25":{"type":"branch","line":109,"loc":{"start":{"line":109,"column":14},"end":{"line":109,"column":61}},"locations":[{"start":{"line":109,"column":14},"end":{"line":109,"column":61}}]},"26":{"type":"branch","line":109,"loc":{"start":{"line":109,"column":54},"end":{"line":109,"column":61}},"locations":[{"start":{"line":109,"column":54},"end":{"line":109,"column":61}}]},"27":{"type":"branch","line":203,"loc":{"start":{"line":203,"column":23},"end":{"line":206,"column":16}},"locations":[{"start":{"line":203,"column":23},"end":{"line":206,"column":16}}]},"28":{"type":"branch","line":228,"loc":{"start":{"line":228,"column":26},"end":{"line":231,"column":18}},"locations":[{"start":{"line":228,"column":26},"end":{"line":231,"column":18}}]},"29":{"type":"branch","line":296,"loc":{"start":{"line":296,"column":49},"end":{"line":297,"column":93}},"locations":[{"start":{"line":296,"column":49},"end":{"line":297,"column":93}}]},"30":{"type":"branch","line":297,"loc":{"start":{"line":297,"column":34},"end":{"line":300,"column":90}},"locations":[{"start":{"line":297,"column":34},"end":{"line":300,"column":90}}]},"31":{"type":"branch","line":298,"loc":{"start":{"line":298,"column":53},"end":{"line":299,"column":87}},"locations":[{"start":{"line":298,"column":53},"end":{"line":299,"column":87}}]},"32":{"type":"branch","line":299,"loc":{"start":{"line":299,"column":34},"end":{"line":300,"column":90}},"locations":[{"start":{"line":299,"column":34},"end":{"line":300,"column":90}}]},"33":{"type":"branch","line":307,"loc":{"start":{"line":307,"column":54},"end":{"line":313,"column":29}},"locations":[{"start":{"line":307,"column":54},"end":{"line":313,"column":29}}]},"34":{"type":"branch","line":329,"loc":{"start":{"line":329,"column":103},"end":{"line":329,"column":122}},"locations":[{"start":{"line":329,"column":103},"end":{"line":329,"column":122}}]},"35":{"type":"branch","line":334,"loc":{"start":{"line":334,"column":39},"end":{"line":337,"column":32}},"locations":[{"start":{"line":334,"column":39},"end":{"line":337,"column":32}}]},"36":{"type":"branch","line":343,"loc":{"start":{"line":343,"column":39},"end":{"line":343,"column":78}},"locations":[{"start":{"line":343,"column":39},"end":{"line":343,"column":78}}]},"37":{"type":"branch","line":407,"loc":{"start":{"line":407,"column":25},"end":{"line":407,"column":58}},"locations":[{"start":{"line":407,"column":25},"end":{"line":407,"column":58}}]},"38":{"type":"branch","line":413,"loc":{"start":{"line":413,"column":25},"end":{"line":413,"column":70}},"locations":[{"start":{"line":413,"column":25},"end":{"line":413,"column":70}}]}},"b":{"0":[124],"1":[89],"2":[35],"3":[41],"4":[7],"5":[3],"6":[3],"7":[41],"8":[0],"9":[6],"10":[39],"11":[3],"12":[0],"13":[1],"14":[0],"15":[40],"16":[34],"17":[2],"18":[2],"19":[4],"20":[3],"21":[1],"22":[0],"23":[1],"24":[267],"25":[267],"26":[0],"27":[3],"28":[6],"29":[152],"30":[76],"31":[37],"32":[39],"33":[152],"34":[0],"35":[3],"36":[6],"37":[1],"38":[4]},"fnMap":{"0":{"name":"Dashboard","decl":{"start":{"line":28,"column":15},"end":{"line":424,"column":1}},"loc":{"start":{"line":28,"column":15},"end":{"line":424,"column":1}},"line":28},"1":{"name":"fetchStudents","decl":{"start":{"line":42,"column":24},"end":{"line":65,"column":4}},"loc":{"start":{"line":42,"column":24},"end":{"line":65,"column":4}},"line":42},"2":{"name":"handleAddStudent","decl":{"start":{"line":71,"column":27},"end":{"line":76,"column":4}},"loc":{"start":{"line":71,"column":27},"end":{"line":76,"column":4}},"line":71},"3":{"name":"handleUpdateStudent","decl":{"start":{"line":78,"column":30},"end":{"line":85,"column":4}},"loc":{"start":{"line":78,"column":30},"end":{"line":85,"column":4}},"line":78},"4":{"name":"handleDeleteStudent","decl":{"start":{"line":87,"column":30},"end":{"line":95,"column":4}},"loc":{"start":{"line":87,"column":30},"end":{"line":95,"column":4}},"line":87},"5":{"name":"handleLogout","decl":{"start":{"line":97,"column":23},"end":{"line":100,"column":4}},"loc":{"start":{"line":97,"column":23},"end":{"line":100,"column":4}},"line":97},"6":{"name":"onClick","decl":{"start":{"line":203,"column":23},"end":{"line":206,"column":16}},"loc":{"start":{"line":203,"column":23},"end":{"line":206,"column":16}},"line":203},"7":{"name":"onChange","decl":{"start":{"line":228,"column":26},"end":{"line":231,"column":18}},"loc":{"start":{"line":228,"column":26},"end":{"line":231,"column":18}},"line":228},"8":{"name":"onChange","decl":{"start":{"line":240,"column":26},"end":{"line":243,"column":18}},"loc":{"start":{"line":240,"column":26},"end":{"line":243,"column":18}},"line":240},"9":{"name":"onClick","decl":{"start":{"line":334,"column":39},"end":{"line":337,"column":32}},"loc":{"start":{"line":334,"column":39},"end":{"line":337,"column":32}},"line":334},"10":{"name":"onClick","decl":{"start":{"line":343,"column":39},"end":{"line":343,"column":78}},"loc":{"start":{"line":343,"column":39},"end":{"line":343,"column":78}},"line":343},"11":{"name":"onClick","decl":{"start":{"line":363,"column":29},"end":{"line":363,"column":53}},"loc":{"start":{"line":363,"column":29},"end":{"line":363,"column":53}},"line":363},"12":{"name":"onClick","decl":{"start":{"line":373,"column":29},"end":{"line":373,"column":53}},"loc":{"start":{"line":373,"column":29},"end":{"line":373,"column":53}},"line":373},"13":{"name":"onClose","decl":{"start":{"line":390,"column":19},"end":{"line":393,"column":12}},"loc":{"start":{"line":390,"column":19},"end":{"line":393,"column":12}},"line":390},"14":{"name":"onClick","decl":{"start":{"line":407,"column":25},"end":{"line":407,"column":58}},"loc":{"start":{"line":407,"column":25},"end":{"line":407,"column":58}},"line":407},"15":{"name":"onClick","decl":{"start":{"line":413,"column":25},"end":{"line":413,"column":70}},"loc":{"start":{"line":413,"column":25},"end":{"line":413,"column":70}},"line":413}},"f":{"0":124,"1":41,"2":2,"3":2,"4":4,"5":1,"6":3,"7":6,"8":0,"9":3,"10":6,"11":0,"12":0,"13":0,"14":1,"15":4}}
,"/Users/vishaljha/Home-Campus-AI-Assignment/src/components/Loader.tsx": {"path":"/Users/vishaljha/Home-Campus-AI-Assignment/src/components/Loader.tsx","all":false,"statementMap":{"0":{"start":{"line":1,"column":0},"end":{"line":1,"column":44}},"2":{"start":{"line":3,"column":0},"end":{"line":3,"column":34}},"3":{"start":{"line":4,"column":0},"end":{"line":4,"column":46}},"5":{"start":{"line":6,"column":0},"end":{"line":6,"column":19}},"6":{"start":{"line":7,"column":0},"end":{"line":7,"column":40}},"7":{"start":{"line":8,"column":0},"end":{"line":8,"column":29}},"8":{"start":{"line":9,"column":0},"end":{"line":9,"column":26}},"9":{"start":{"line":10,"column":0},"end":{"line":10,"column":34}},"10":{"start":{"line":11,"column":0},"end":{"line":11,"column":21}},"11":{"start":{"line":12,"column":0},"end":{"line":12,"column":9}},"12":{"start":{"line":13,"column":0},"end":{"line":13,"column":24}},"13":{"start":{"line":14,"column":0},"end":{"line":14,"column":9}},"14":{"start":{"line":15,"column":0},"end":{"line":15,"column":11}},"16":{"start":{"line":17,"column":0},"end":{"line":17,"column":41}},"17":{"start":{"line":18,"column":0},"end":{"line":18,"column":9}},"19":{"start":{"line":20,"column":0},"end":{"line":20,"column":10}},"20":{"start":{"line":21,"column":0},"end":{"line":21,"column":148}},"22":{"start":{"line":23,"column":0},"end":{"line":23,"column":40}},"23":{"start":{"line":24,"column":0},"end":{"line":24,"column":39}},"24":{"start":{"line":25,"column":0},"end":{"line":25,"column":14}},"25":{"start":{"line":26,"column":0},"end":{"line":26,"column":19}},"26":{"start":{"line":27,"column":0},"end":{"line":27,"column":68}},"27":{"start":{"line":28,"column":0},"end":{"line":28,"column":20}},"28":{"start":{"line":29,"column":0},"end":{"line":29,"column":46}},"29":{"start":{"line":30,"column":0},"end":{"line":30,"column":45}},"30":{"start":{"line":31,"column":0},"end":{"line":31,"column":80}},"31":{"start":{"line":32,"column":0},"end":{"line":32,"column":54}},"32":{"start":{"line":33,"column":0},"end":{"line":33,"column":14}},"37":{"start":{"line":38,"column":0},"end":{"line":38,"column":37}},"39":{"start":{"line":40,"column":0},"end":{"line":40,"column":57}},"41":{"start":{"line":42,"column":0},"end":{"line":42,"column":127}},"44":{"start":{"line":45,"column":0},"end":{"line":45,"column":134}},"47":{"start":{"line":48,"column":0},"end":{"line":48,"column":128}},"50":{"start":{"line":51,"column":0},"end":{"line":51,"column":44}},"51":{"start":{"line":52,"column":0},"end":{"line":52,"column":43}},"52":{"start":{"line":53,"column":0},"end":{"line":53,"column":18}},"53":{"start":{"line":54,"column":0},"end":{"line":54,"column":23}},"54":{"start":{"line":55,"column":0},"end":{"line":55,"column":65}},"55":{"start":{"line":56,"column":0},"end":{"line":56,"column":24}},"56":{"start":{"line":57,"column":0},"end":{"line":57,"column":69}},"57":{"start":{"line":58,"column":0},"end":{"line":58,"column":48}},"58":{"start":{"line":59,"column":0},"end":{"line":59,"column":18}},"60":{"start":{"line":61,"column":0},"end":{"line":61,"column":21}},"61":{"start":{"line":62,"column":0},"end":{"line":62,"column":79}},"62":{"start":{"line":63,"column":0},"end":{"line":63,"column":26}},"63":{"start":{"line":64,"column":0},"end":{"line":64,"column":57}},"64":{"start":{"line":65,"column":0},"end":{"line":65,"column":54}},"65":{"start":{"line":66,"column":0},"end":{"line":66,"column":55}},"66":{"start":{"line":67,"column":0},"end":{"line":67,"column":20}},"73":{"start":{"line":74,"column":0},"end":{"line":74,"column":77}},"74":{"start":{"line":75,"column":0},"end":{"line":75,"column":38}},"75":{"start":{"line":76,"column":0},"end":{"line":76,"column":111}},"76":{"start":{"line":77,"column":0},"end":{"line":77,"column":131}},"82":{"start":{"line":83,"column":0},"end":{"line":83,"column":36}},"84":{"start":{"line":85,"column":0},"end":{"line":85,"column":129}},"85":{"start":{"line":86,"column":0},"end":{"line":86,"column":16}},"86":{"start":{"line":87,"column":0},"end":{"line":87,"column":136}},"87":{"start":{"line":88,"column":0},"end":{"line":88,"column":47}},"89":{"start":{"line":90,"column":0},"end":{"line":90,"column":142}},"94":{"start":{"line":95,"column":0},"end":{"line":95,"column":54}},"95":{"start":{"line":96,"column":0},"end":{"line":96,"column":64}},"98":{"start":{"line":99,"column":0},"end":{"line":99,"column":74}},"99":{"start":{"line":100,"column":0},"end":{"line":100,"column":25}},"104":{"start":{"line":105,"column":0},"end":{"line":105,"column":58}},"105":{"start":{"line":106,"column":0},"end":{"line":106,"column":42}},"106":{"start":{"line":107,"column":0},"end":{"line":107,"column":18}},"107":{"start":{"line":108,"column":0},"end":{"line":108,"column":23}},"108":{"start":{"line":109,"column":0},"end":{"line":109,"column":60}},"109":{"start":{"line":110,"column":0},"end":{"line":110,"column":24}},"110":{"start":{"line":111,"column":0},"end":{"line":111,"column":61}},"111":{"start":{"line":112,"column":0},"end":{"line":112,"column":48}},"112":{"start":{"line":113,"column":0},"end":{"line":113,"column":18}},"120":{"start":{"line":121,"column":0},"end":{"line":121,"column":1}}},"s":{"0":1,"2":1,"3":11,"5":11,"6":9,"7":381,"8":135,"9":66,"10":66,"11":66,"12":69,"13":69,"14":9,"16":9,"17":11,"19":11,"20":11,"22":11,"23":11,"24":11,"25":11,"26":11,"27":11,"28":11,"29":11,"30":11,"31":11,"32":11,"37":11,"39":11,"41":11,"44":11,"47":11,"50":11,"51":11,"52":11,"53":11,"54":11,"55":11,"56":11,"57":11,"58":11,"60":11,"61":11,"62":11,"63":11,"64":11,"65":11,"66":11,"73":11,"74":11,"75":11,"76":11,"82":11,"84":11,"85":11,"86":11,"87":11,"89":11,"94":11,"95":11,"98":11,"99":11,"104":11,"105":11,"106":11,"107":11,"108":11,"109":11,"110":11,"111":11,"112":11,"120":11},"branchMap":{"0":{"type":"branch","line":3,"loc":{"start":{"line":3,"column":15},"end":{"line":121,"column":1}},"locations":[{"start":{"line":3,"column":15},"end":{"line":121,"column":1}}]},"1":{"type":"branch","line":6,"loc":{"start":{"line":6,"column":12},"end":{"line":18,"column":5}},"locations":[{"start":{"line":6,"column":12},"end":{"line":18,"column":5}}]},"2":{"type":"branch","line":7,"loc":{"start":{"line":7,"column":33},"end":{"line":15,"column":7}},"locations":[{"start":{"line":7,"column":33},"end":{"line":15,"column":7}}]},"3":{"type":"branch","line":8,"loc":{"start":{"line":8,"column":18},"end":{"line":14,"column":9}},"locations":[{"start":{"line":8,"column":18},"end":{"line":14,"column":9}}]},"4":{"type":"branch","line":9,"loc":{"start":{"line":9,"column":25},"end":{"line":12,"column":9}},"locations":[{"start":{"line":9,"column":25},"end":{"line":12,"column":9}}]},"5":{"type":"branch","line":12,"loc":{"start":{"line":12,"column":8},"end":{"line":14,"column":9}},"locations":[{"start":{"line":12,"column":8},"end":{"line":14,"column":9}}]},"6":{"type":"branch","line":17,"loc":{"start":{"line":17,"column":11},"end":{"line":17,"column":41}},"locations":[{"start":{"line":17,"column":11},"end":{"line":17,"column":41}}]}},"b":{"0":[11],"1":[9],"2":[381],"3":[135],"4":[66],"5":[69],"6":[9]},"fnMap":{"0":{"name":"Loader","decl":{"start":{"line":3,"column":15},"end":{"line":121,"column":1}},"loc":{"start":{"line":3,"column":15},"end":{"line":121,"column":1}},"line":3}},"f":{"0":11}}
,"/Users/vishaljha/Home-Campus-AI-Assignment/src/components/StudentModal.tsx": {"path":"/Users/vishaljha/Home-Campus-AI-Assignment/src/components/StudentModal.tsx","all":false,"statementMap":{"0":{"start":{"line":1,"column":0},"end":{"line":1,"column":44}},"30":{"start":{"line":31,"column":0},"end":{"line":31,"column":87}},"31":{"start":{"line":32,"column":0},"end":{"line":32,"column":44}},"32":{"start":{"line":33,"column":0},"end":{"line":33,"column":13}},"33":{"start":{"line":34,"column":0},"end":{"line":34,"column":21}},"34":{"start":{"line":35,"column":0},"end":{"line":35,"column":25}},"35":{"start":{"line":36,"column":0},"end":{"line":36,"column":29}},"36":{"start":{"line":37,"column":0},"end":{"line":37,"column":24}},"37":{"start":{"line":38,"column":0},"end":{"line":38,"column":5}},"38":{"start":{"line":39,"column":0},"end":{"line":39,"column":48}},"39":{"start":{"line":40,"column":0},"end":{"line":40,"column":41}},"41":{"start":{"line":42,"column":0},"end":{"line":42,"column":19}},"42":{"start":{"line":43,"column":0},"end":{"line":43,"column":18}},"43":{"start":{"line":44,"column":0},"end":{"line":44,"column":19}},"44":{"start":{"line":45,"column":0},"end":{"line":45,"column":27}},"45":{"start":{"line":46,"column":0},"end":{"line":46,"column":31}},"46":{"start":{"line":47,"column":0},"end":{"line":47,"column":86}},"47":{"start":{"line":48,"column":0},"end":{"line":48,"column":98}},"48":{"start":{"line":49,"column":0},"end":{"line":49,"column":83}},"49":{"start":{"line":50,"column":0},"end":{"line":50,"column":9}},"50":{"start":{"line":51,"column":0},"end":{"line":51,"column":5}},"51":{"start":{"line":52,"column":0},"end":{"line":52,"column":16}},"53":{"start":{"line":54,"column":0},"end":{"line":54,"column":54}},"54":{"start":{"line":55,"column":0},"end":{"line":55,"column":23}},"55":{"start":{"line":56,"column":0},"end":{"line":56,"column":17}},"56":{"start":{"line":57,"column":0},"end":{"line":57,"column":21}},"58":{"start":{"line":59,"column":0},"end":{"line":59,"column":9}},"59":{"start":{"line":60,"column":0},"end":{"line":60,"column":29}},"60":{"start":{"line":61,"column":0},"end":{"line":61,"column":19}},"61":{"start":{"line":62,"column":0},"end":{"line":62,"column":78}},"62":{"start":{"line":63,"column":0},"end":{"line":63,"column":24}},"63":{"start":{"line":64,"column":0},"end":{"line":64,"column":5}},"64":{"start":{"line":65,"column":0},"end":{"line":65,"column":4}},"66":{"start":{"line":67,"column":0},"end":{"line":67,"column":103}},"68":{"start":{"line":69,"column":0},"end":{"line":69,"column":10}},"69":{"start":{"line":70,"column":0},"end":{"line":70,"column":138}},"70":{"start":{"line":71,"column":0},"end":{"line":71,"column":158}},"72":{"start":{"line":73,"column":0},"end":{"line":73,"column":111}},"73":{"start":{"line":74,"column":0},"end":{"line":74,"column":51}},"74":{"start":{"line":75,"column":0},"end":{"line":75,"column":138}},"75":{"start":{"line":76,"column":0},"end":{"line":76,"column":57}},"77":{"start":{"line":78,"column":0},"end":{"line":78,"column":120}},"78":{"start":{"line":79,"column":0},"end":{"line":79,"column":60}},"81":{"start":{"line":82,"column":0},"end":{"line":82,"column":17}},"82":{"start":{"line":83,"column":0},"end":{"line":83,"column":29}},"83":{"start":{"line":84,"column":0},"end":{"line":84,"column":159}},"85":{"start":{"line":86,"column":0},"end":{"line":86,"column":37}},"89":{"start":{"line":90,"column":0},"end":{"line":90,"column":64}},"91":{"start":{"line":92,"column":0},"end":{"line":92,"column":15}},"92":{"start":{"line":93,"column":0},"end":{"line":93,"column":79}},"95":{"start":{"line":96,"column":0},"end":{"line":96,"column":18}},"96":{"start":{"line":97,"column":0},"end":{"line":97,"column":25}},"97":{"start":{"line":98,"column":0},"end":{"line":98,"column":35}},"98":{"start":{"line":99,"column":0},"end":{"line":99,"column":82}},"99":{"start":{"line":100,"column":0},"end":{"line":100,"column":231}},"100":{"start":{"line":101,"column":0},"end":{"line":101,"column":46}},"101":{"start":{"line":102,"column":0},"end":{"line":102,"column":22}},"106":{"start":{"line":107,"column":0},"end":{"line":107,"column":65}},"107":{"start":{"line":108,"column":0},"end":{"line":108,"column":17}},"108":{"start":{"line":109,"column":0},"end":{"line":109,"column":81}},"111":{"start":{"line":112,"column":0},"end":{"line":112,"column":21}},"112":{"start":{"line":113,"column":0},"end":{"line":113,"column":39}},"113":{"start":{"line":114,"column":0},"end":{"line":114,"column":86}},"114":{"start":{"line":115,"column":0},"end":{"line":115,"column":211}},"115":{"start":{"line":116,"column":0},"end":{"line":116,"column":24}},"117":{"start":{"line":118,"column":0},"end":{"line":118,"column":54}},"118":{"start":{"line":119,"column":0},"end":{"line":119,"column":58}},"119":{"start":{"line":120,"column":0},"end":{"line":120,"column":60}},"123":{"start":{"line":124,"column":0},"end":{"line":124,"column":17}},"124":{"start":{"line":125,"column":0},"end":{"line":125,"column":81}},"127":{"start":{"line":128,"column":0},"end":{"line":128,"column":206}},"128":{"start":{"line":129,"column":0},"end":{"line":129,"column":22}},"129":{"start":{"line":130,"column":0},"end":{"line":130,"column":33}},"130":{"start":{"line":131,"column":0},"end":{"line":131,"column":50}},"131":{"start":{"line":132,"column":0},"end":{"line":132,"column":97}},"132":{"start":{"line":133,"column":0},"end":{"line":133,"column":170}},"134":{"start":{"line":135,"column":0},"end":{"line":135,"column":87}},"140":{"start":{"line":141,"column":0},"end":{"line":141,"column":65}},"141":{"start":{"line":142,"column":0},"end":{"line":142,"column":17}},"142":{"start":{"line":143,"column":0},"end":{"line":143,"column":81}},"144":{"start":{"line":145,"column":0},"end":{"line":145,"column":102}},"146":{"start":{"line":147,"column":0},"end":{"line":147,"column":20}},"147":{"start":{"line":148,"column":0},"end":{"line":148,"column":28}},"148":{"start":{"line":149,"column":0},"end":{"line":149,"column":23}},"149":{"start":{"line":150,"column":0},"end":{"line":150,"column":25}},"150":{"start":{"line":151,"column":0},"end":{"line":151,"column":53}},"151":{"start":{"line":152,"column":0},"end":{"line":152,"column":32}},"152":{"start":{"line":153,"column":0},"end":{"line":153,"column":92}},"154":{"start":{"line":155,"column":0},"end":{"line":155,"column":109}},"156":{"start":{"line":157,"column":0},"end":{"line":157,"column":80}},"157":{"start":{"line":158,"column":0},"end":{"line":158,"column":31}},"158":{"start":{"line":159,"column":0},"end":{"line":159,"column":32}},"159":{"start":{"line":160,"column":0},"end":{"line":160,"column":33}},"163":{"start":{"line":164,"column":0},"end":{"line":164,"column":17}},"164":{"start":{"line":165,"column":0},"end":{"line":165,"column":81}},"166":{"start":{"line":167,"column":0},"end":{"line":167,"column":96}},"168":{"start":{"line":169,"column":0},"end":{"line":169,"column":20}},"169":{"start":{"line":170,"column":0},"end":{"line":170,"column":28}},"170":{"start":{"line":171,"column":0},"end":{"line":171,"column":23}},"171":{"start":{"line":172,"column":0},"end":{"line":172,"column":25}},"172":{"start":{"line":173,"column":0},"end":{"line":173,"column":48}},"173":{"start":{"line":174,"column":0},"end":{"line":174,"column":32}},"174":{"start":{"line":175,"column":0},"end":{"line":175,"column":87}},"176":{"start":{"line":177,"column":0},"end":{"line":177,"column":109}},"178":{"start":{"line":179,"column":0},"end":{"line":179,"column":80}},"179":{"start":{"line":180,"column":0},"end":{"line":180,"column":30}},"180":{"start":{"line":181,"column":0},"end":{"line":181,"column":31}},"181":{"start":{"line":182,"column":0},"end":{"line":182,"column":32}},"187":{"start":{"line":188,"column":0},"end":{"line":188,"column":118}},"188":{"start":{"line":189,"column":0},"end":{"line":189,"column":49}},"189":{"start":{"line":190,"column":0},"end":{"line":190,"column":65}},"190":{"start":{"line":191,"column":0},"end":{"line":191,"column":21}},"191":{"start":{"line":192,"column":0},"end":{"line":192,"column":104}},"192":{"start":{"line":193,"column":0},"end":{"line":193,"column":61}},"196":{"start":{"line":197,"column":0},"end":{"line":197,"column":44}},"197":{"start":{"line":198,"column":0},"end":{"line":198,"column":127}},"198":{"start":{"line":199,"column":0},"end":{"line":199,"column":39}},"202":{"start":{"line":203,"column":0},"end":{"line":203,"column":48}},"203":{"start":{"line":204,"column":0},"end":{"line":204,"column":67}},"204":{"start":{"line":205,"column":0},"end":{"line":205,"column":69}},"205":{"start":{"line":206,"column":0},"end":{"line":206,"column":93}},"206":{"start":{"line":207,"column":0},"end":{"line":207,"column":118}},"213":{"start":{"line":214,"column":0},"end":{"line":214,"column":21}},"214":{"start":{"line":215,"column":0},"end":{"line":215,"column":137}},"215":{"start":{"line":216,"column":0},"end":{"line":216,"column":21}},"220":{"start":{"line":221,"column":0},"end":{"line":221,"column":43}},"221":{"start":{"line":222,"column":0},"end":{"line":222,"column":19}},"222":{"start":{"line":223,"column":0},"end":{"line":223,"column":27}},"223":{"start":{"line":224,"column":0},"end":{"line":224,"column":31}},"224":{"start":{"line":225,"column":0},"end":{"line":225,"column":221}},"225":{"start":{"line":226,"column":0},"end":{"line":226,"column":13}},"228":{"start":{"line":229,"column":0},"end":{"line":229,"column":19}},"229":{"start":{"line":230,"column":0},"end":{"line":230,"column":27}},"230":{"start":{"line":231,"column":0},"end":{"line":231,"column":32}},"231":{"start":{"line":232,"column":0},"end":{"line":232,"column":358}},"233":{"start":{"line":234,"column":0},"end":{"line":234,"column":26}},"234":{"start":{"line":235,"column":0},"end":{"line":235,"column":73}},"235":{"start":{"line":236,"column":0},"end":{"line":236,"column":114}},"238":{"start":{"line":239,"column":0},"end":{"line":239,"column":29}},"239":{"start":{"line":240,"column":0},"end":{"line":240,"column":32}},"241":{"start":{"line":242,"column":0},"end":{"line":242,"column":29}},"249":{"start":{"line":250,"column":0},"end":{"line":250,"column":1}}},"s":{"0":1,"30":1,"31":67,"32":67,"33":67,"34":67,"35":67,"36":67,"37":67,"38":67,"39":67,"41":67,"42":15,"43":5,"44":5,"45":5,"46":5,"47":5,"48":5,"49":5,"50":5,"51":67,"53":67,"54":6,"55":6,"56":6,"58":6,"59":6,"60":5,"61":1,"62":1,"63":1,"64":6,"66":67,"68":67,"69":67,"70":67,"72":67,"73":67,"74":67,"75":67,"77":67,"78":67,"81":67,"82":67,"83":67,"85":67,"89":67,"91":67,"92":67,"95":67,"96":67,"97":67,"98":67,"99":67,"100":67,"101":67,"106":67,"107":67,"108":67,"111":67,"112":67,"113":67,"114":67,"115":67,"117":67,"118":67,"119":67,"123":67,"124":67,"127":67,"128":67,"129":67,"130":67,"131":67,"132":67,"134":67,"140":67,"141":67,"142":67,"144":67,"146":67,"147":67,"148":67,"149":67,"150":67,"151":67,"152":0,"154":67,"156":67,"157":67,"158":67,"159":67,"163":67,"164":67,"166":67,"168":67,"169":67,"170":67,"171":67,"172":67,"173":67,"174":0,"176":67,"178":67,"179":67,"180":67,"181":67,"187":67,"188":67,"189":67,"190":67,"191":67,"192":67,"196":67,"197":67,"198":67,"202":67,"203":67,"204":67,"205":67,"206":67,"213":67,"214":67,"215":67,"220":67,"221":67,"222":67,"223":67,"224":67,"225":67,"228":67,"229":67,"230":67,"231":67,"233":67,"234":6,"235":6,"238":6,"239":10,"241":51,"249":67},"branchMap":{"0":{"type":"branch","line":31,"loc":{"start":{"line":31,"column":15},"end":{"line":250,"column":1}},"locations":[{"start":{"line":31,"column":15},"end":{"line":250,"column":1}}]},"1":{"type":"branch","line":79,"loc":{"start":{"line":79,"column":15},"end":{"line":79,"column":42}},"locations":[{"start":{"line":79,"column":15},"end":{"line":79,"column":42}}]},"2":{"type":"branch","line":79,"loc":{"start":{"line":79,"column":25},"end":{"line":79,"column":60}},"locations":[{"start":{"line":79,"column":25},"end":{"line":79,"column":60}}]},"3":{"type":"branch","line":203,"loc":{"start":{"line":203,"column":15},"end":{"line":203,"column":48}},"locations":[{"start":{"line":203,"column":15},"end":{"line":203,"column":48}}]},"4":{"type":"branch","line":234,"loc":{"start":{"line":234,"column":15},"end":{"line":239,"column":29}},"locations":[{"start":{"line":234,"column":15},"end":{"line":239,"column":29}}]},"5":{"type":"branch","line":239,"loc":{"start":{"line":239,"column":18},"end":{"line":242,"column":29}},"locations":[{"start":{"line":239,"column":18},"end":{"line":242,"column":29}}]},"6":{"type":"branch","line":239,"loc":{"start":{"line":239,"column":18},"end":{"line":240,"column":32}},"locations":[{"start":{"line":239,"column":18},"end":{"line":240,"column":32}}]},"7":{"type":"branch","line":240,"loc":{"start":{"line":240,"column":16},"end":{"line":242,"column":29}},"locations":[{"start":{"line":240,"column":16},"end":{"line":242,"column":29}}]},"8":{"type":"branch","line":42,"loc":{"start":{"line":42,"column":12},"end":{"line":52,"column":5}},"locations":[{"start":{"line":42,"column":12},"end":{"line":52,"column":5}}]},"9":{"type":"branch","line":43,"loc":{"start":{"line":43,"column":17},"end":{"line":51,"column":5}},"locations":[{"start":{"line":43,"column":17},"end":{"line":51,"column":5}}]},"10":{"type":"branch","line":47,"loc":{"start":{"line":47,"column":50},"end":{"line":47,"column":86}},"locations":[{"start":{"line":47,"column":50},"end":{"line":47,"column":86}}]},"11":{"type":"branch","line":48,"loc":{"start":{"line":48,"column":59},"end":{"line":48,"column":91}},"locations":[{"start":{"line":48,"column":59},"end":{"line":48,"column":91}}]},"12":{"type":"branch","line":48,"loc":{"start":{"line":48,"column":91},"end":{"line":48,"column":98}},"locations":[{"start":{"line":48,"column":91},"end":{"line":48,"column":98}}]},"13":{"type":"branch","line":49,"loc":{"start":{"line":49,"column":49},"end":{"line":49,"column":76}},"locations":[{"start":{"line":49,"column":49},"end":{"line":49,"column":76}}]},"14":{"type":"branch","line":49,"loc":{"start":{"line":49,"column":76},"end":{"line":49,"column":83}},"locations":[{"start":{"line":49,"column":76},"end":{"line":49,"column":83}}]},"15":{"type":"branch","line":54,"loc":{"start":{"line":54,"column":23},"end":{"line":65,"column":4}},"locations":[{"start":{"line":54,"column":23},"end":{"line":65,"column":4}}]},"16":{"type":"branch","line":60,"loc":{"start":{"line":60,"column":19},"end":{"line":64,"column":5}},"locations":[{"start":{"line":60,"column":19},"end":{"line":64,"column":5}}]},"17":{"type":"branch","line":61,"loc":{"start":{"line":61,"column":6},"end":{"line":64,"column":5}},"locations":[{"start":{"line":61,"column":6},"end":{"line":64,"column":5}}]},"18":{"type":"branch","line":62,"loc":{"start":{"line":62,"column":49},"end":{"line":62,"column":78}},"locations":[{"start":{"line":62,"column":49},"end":{"line":62,"column":78}}]},"19":{"type":"branch","line":99,"loc":{"start":{"line":99,"column":24},"end":{"line":99,"column":82}},"locations":[{"start":{"line":99,"column":24},"end":{"line":99,"column":82}}]}},"b":{"0":[67],"1":[12],"2":[55],"3":[12],"4":[6],"5":[61],"6":[10],"7":[51],"8":[15],"9":[5],"10":[0],"11":[0],"12":[0],"13":[0],"14":[0],"15":[6],"16":[5],"17":[1],"18":[0],"19":[40]},"fnMap":{"0":{"name":"StudentModal","decl":{"start":{"line":31,"column":15},"end":{"line":250,"column":1}},"loc":{"start":{"line":31,"column":15},"end":{"line":250,"column":1}},"line":31},"1":{"name":"handleSubmit","decl":{"start":{"line":54,"column":23},"end":{"line":65,"column":4}},"loc":{"start":{"line":54,"column":23},"end":{"line":65,"column":4}},"line":54},"2":{"name":"onChange","decl":{"start":{"line":99,"column":24},"end":{"line":99,"column":82}},"loc":{"start":{"line":99,"column":24},"end":{"line":99,"column":82}},"line":99},"3":{"name":"onChange","decl":{"start":{"line":114,"column":26},"end":{"line":114,"column":86}},"loc":{"start":{"line":114,"column":26},"end":{"line":114,"column":86}},"line":114},"4":{"name":"onChange","decl":{"start":{"line":132,"column":28},"end":{"line":132,"column":97}},"loc":{"start":{"line":132,"column":28},"end":{"line":132,"column":97}},"line":132},"5":{"name":"onChange","decl":{"start":{"line":152,"column":26},"end":{"line":153,"column":92}},"loc":{"start":{"line":152,"column":26},"end":{"line":153,"column":92}},"line":152},"6":{"name":"onChange","decl":{"start":{"line":174,"column":26},"end":{"line":175,"column":87}},"loc":{"start":{"line":174,"column":26},"end":{"line":175,"column":87}},"line":174}},"f":{"0":67,"1":6,"2":40,"3":0,"4":0,"5":0,"6":0}}
,"/Users/vishaljha/Home-Campus-AI-Assignment/src/lib/api.ts": {"path":"/Users/vishaljha/Home-Campus-AI-Assignment/src/lib/api.ts","all":false,"statementMap":{"0":{"start":{"line":1,"column":0},"end":{"line":1,"column":57}},"2":{"start":{"line":3,"column":0},"end":{"line":3,"column":65}},"4":{"start":{"line":5,"column":0},"end":{"line":5,"column":55}},"5":{"start":{"line":6,"column":0},"end":{"line":6,"column":20}},"6":{"start":{"line":7,"column":0},"end":{"line":7,"column":14}},"7":{"start":{"line":8,"column":0},"end":{"line":8,"column":45}},"8":{"start":{"line":9,"column":0},"end":{"line":9,"column":10}},"9":{"start":{"line":10,"column":0},"end":{"line":10,"column":41}},"10":{"start":{"line":11,"column":0},"end":{"line":11,"column":3}},"11":{"start":{"line":12,"column":0},"end":{"line":12,"column":2}},"13":{"start":{"line":14,"column":0},"end":{"line":14,"column":44}},"15":{"start":{"line":16,"column":0},"end":{"line":16,"column":54}},"16":{"start":{"line":17,"column":0},"end":{"line":17,"column":21}},"17":{"start":{"line":18,"column":0},"end":{"line":18,"column":88}},"18":{"start":{"line":19,"column":0},"end":{"line":19,"column":70}},"19":{"start":{"line":20,"column":0},"end":{"line":20,"column":3}},"20":{"start":{"line":21,"column":0},"end":{"line":21,"column":25}},"21":{"start":{"line":22,"column":0},"end":{"line":22,"column":2}},"23":{"start":{"line":24,"column":0},"end":{"line":24,"column":20}},"24":{"start":{"line":25,"column":0},"end":{"line":25,"column":9}},"25":{"start":{"line":26,"column":0},"end":{"line":26,"column":59}},"26":{"start":{"line":27,"column":0},"end":{"line":27,"column":63}},"27":{"start":{"line":28,"column":0},"end":{"line":28,"column":23}},"28":{"start":{"line":29,"column":0},"end":{"line":29,"column":56}},"29":{"start":{"line":30,"column":0},"end":{"line":30,"column":53}},"30":{"start":{"line":31,"column":0},"end":{"line":31,"column":9}},"31":{"start":{"line":32,"column":0},"end":{"line":32,"column":38}},"32":{"start":{"line":33,"column":0},"end":{"line":33,"column":6}},"34":{"start":{"line":35,"column":0},"end":{"line":35,"column":58}},"35":{"start":{"line":36,"column":0},"end":{"line":36,"column":62}},"36":{"start":{"line":37,"column":0},"end":{"line":37,"column":23}},"37":{"start":{"line":38,"column":0},"end":{"line":38,"column":56}},"38":{"start":{"line":39,"column":0},"end":{"line":39,"column":53}},"39":{"start":{"line":40,"column":0},"end":{"line":40,"column":9}},"40":{"start":{"line":41,"column":0},"end":{"line":41,"column":50}},"41":{"start":{"line":42,"column":0},"end":{"line":42,"column":23}},"42":{"start":{"line":43,"column":0},"end":{"line":43,"column":33}},"43":{"start":{"line":44,"column":0},"end":{"line":44,"column":7}},"44":{"start":{"line":45,"column":0},"end":{"line":45,"column":18}},"45":{"start":{"line":46,"column":0},"end":{"line":46,"column":6}},"47":{"start":{"line":48,"column":0},"end":{"line":48,"column":19}},"48":{"start":{"line":49,"column":0},"end":{"line":49,"column":25}},"49":{"start":{"line":50,"column":0},"end":{"line":50,"column":6}},"50":{"start":{"line":51,"column":0},"end":{"line":51,"column":4}},"52":{"start":{"line":53,"column":0},"end":{"line":53,"column":13}},"53":{"start":{"line":54,"column":0},"end":{"line":54,"column":93}},"54":{"start":{"line":55,"column":0},"end":{"line":55,"column":42}},"55":{"start":{"line":56,"column":0},"end":{"line":56,"column":30}},"56":{"start":{"line":57,"column":0},"end":{"line":57,"column":32}},"57":{"start":{"line":58,"column":0},"end":{"line":58,"column":9}},"59":{"start":{"line":60,"column":0},"end":{"line":60,"column":28}},"60":{"start":{"line":61,"column":0},"end":{"line":61,"column":48}},"61":{"start":{"line":62,"column":0},"end":{"line":62,"column":7}},"63":{"start":{"line":64,"column":0},"end":{"line":64,"column":28}},"64":{"start":{"line":65,"column":0},"end":{"line":65,"column":48}},"65":{"start":{"line":66,"column":0},"end":{"line":66,"column":7}},"67":{"start":{"line":68,"column":0},"end":{"line":68,"column":74}},"68":{"start":{"line":69,"column":0},"end":{"line":69,"column":18}},"69":{"start":{"line":70,"column":0},"end":{"line":70,"column":47}},"70":{"start":{"line":71,"column":0},"end":{"line":71,"column":10}},"71":{"start":{"line":72,"column":0},"end":{"line":72,"column":9}},"72":{"start":{"line":73,"column":0},"end":{"line":73,"column":38}},"73":{"start":{"line":74,"column":0},"end":{"line":74,"column":6}},"75":{"start":{"line":76,"column":0},"end":{"line":76,"column":36}},"76":{"start":{"line":77,"column":0},"end":{"line":77,"column":70}},"77":{"start":{"line":78,"column":0},"end":{"line":78,"column":18}},"78":{"start":{"line":79,"column":0},"end":{"line":79,"column":47}},"79":{"start":{"line":80,"column":0},"end":{"line":80,"column":10}},"80":{"start":{"line":81,"column":0},"end":{"line":81,"column":9}},"81":{"start":{"line":82,"column":0},"end":{"line":82,"column":38}},"82":{"start":{"line":83,"column":0},"end":{"line":83,"column":6}},"84":{"start":{"line":85,"column":0},"end":{"line":85,"column":29}},"91":{"start":{"line":92,"column":0},"end":{"line":92,"column":64}},"92":{"start":{"line":93,"column":0},"end":{"line":93,"column":23}},"93":{"start":{"line":94,"column":0},"end":{"line":94,"column":18}},"94":{"start":{"line":95,"column":0},"end":{"line":95,"column":45}},"95":{"start":{"line":96,"column":0},"end":{"line":96,"column":47}},"96":{"start":{"line":97,"column":0},"end":{"line":97,"column":10}},"97":{"start":{"line":98,"column":0},"end":{"line":98,"column":38}},"98":{"start":{"line":99,"column":0},"end":{"line":99,"column":9}},"99":{"start":{"line":100,"column":0},"end":{"line":100,"column":38}},"100":{"start":{"line":101,"column":0},"end":{"line":101,"column":6}},"102":{"start":{"line":103,"column":0},"end":{"line":103,"column":19}},"103":{"start":{"line":104,"column":0},"end":{"line":104,"column":17}},"104":{"start":{"line":105,"column":0},"end":{"line":105,"column":16}},"112":{"start":{"line":113,"column":0},"end":{"line":113,"column":70}},"113":{"start":{"line":114,"column":0},"end":{"line":114,"column":22}},"114":{"start":{"line":115,"column":0},"end":{"line":115,"column":18}},"115":{"start":{"line":116,"column":0},"end":{"line":116,"column":45}},"116":{"start":{"line":117,"column":0},"end":{"line":117,"column":47}},"117":{"start":{"line":118,"column":0},"end":{"line":118,"column":10}},"118":{"start":{"line":119,"column":0},"end":{"line":119,"column":38}},"119":{"start":{"line":120,"column":0},"end":{"line":120,"column":9}},"120":{"start":{"line":121,"column":0},"end":{"line":121,"column":38}},"121":{"start":{"line":122,"column":0},"end":{"line":122,"column":6}},"123":{"start":{"line":124,"column":0},"end":{"line":124,"column":35}},"124":{"start":{"line":125,"column":0},"end":{"line":125,"column":70}},"125":{"start":{"line":126,"column":0},"end":{"line":126,"column":25}},"126":{"start":{"line":127,"column":0},"end":{"line":127,"column":18}},"127":{"start":{"line":128,"column":0},"end":{"line":128,"column":47}},"128":{"start":{"line":129,"column":0},"end":{"line":129,"column":10}},"129":{"start":{"line":130,"column":0},"end":{"line":130,"column":9}},"130":{"start":{"line":131,"column":0},"end":{"line":131,"column":38}},"131":{"start":{"line":132,"column":0},"end":{"line":132,"column":6}},"132":{"start":{"line":133,"column":0},"end":{"line":133,"column":4}},"133":{"start":{"line":134,"column":0},"end":{"line":134,"column":2}}},"s":{"0":1,"2":1,"4":1,"5":41,"6":41,"7":18,"8":41,"9":23,"10":23,"11":41,"13":1,"15":1,"16":16,"17":4,"18":4,"19":4,"20":12,"21":12,"23":1,"24":1,"25":1,"26":1,"27":1,"28":1,"29":1,"30":1,"31":1,"32":1,"34":1,"35":5,"36":5,"37":5,"38":5,"39":5,"40":5,"41":3,"42":3,"43":3,"44":3,"45":3,"47":1,"48":1,"49":1,"50":1,"52":1,"53":1,"54":4,"55":4,"56":4,"57":4,"59":4,"60":2,"61":2,"63":4,"64":2,"65":2,"67":4,"68":4,"69":4,"70":4,"71":4,"72":4,"73":4,"75":1,"76":2,"77":2,"78":2,"79":2,"80":2,"81":2,"82":2,"84":1,"91":1,"92":1,"93":1,"94":1,"95":1,"96":1,"97":1,"98":1,"99":1,"100":1,"102":1,"103":1,"104":1,"112":1,"113":1,"114":1,"115":1,"116":1,"117":1,"118":1,"119":1,"120":1,"121":1,"123":1,"124":2,"125":2,"126":2,"127":2,"128":2,"129":2,"130":2,"131":2,"132":1,"133":1},"branchMap":{"0":{"type":"branch","line":5,"loc":{"start":{"line":5,"column":28},"end":{"line":12,"column":2}},"locations":[{"start":{"line":5,"column":28},"end":{"line":12,"column":2}}]},"1":{"type":"branch","line":7,"loc":{"start":{"line":7,"column":13},"end":{"line":9,"column":9}},"locations":[{"start":{"line":7,"column":13},"end":{"line":9,"column":9}}]},"2":{"type":"branch","line":9,"loc":{"start":{"line":9,"column":2},"end":{"line":11,"column":3}},"locations":[{"start":{"line":9,"column":2},"end":{"line":11,"column":3}}]},"3":{"type":"branch","line":14,"loc":{"start":{"line":14,"column":28},"end":{"line":14,"column":44}},"locations":[{"start":{"line":14,"column":28},"end":{"line":14,"column":44}}]},"4":{"type":"branch","line":16,"loc":{"start":{"line":16,"column":23},"end":{"line":22,"column":2}},"locations":[{"start":{"line":16,"column":23},"end":{"line":22,"column":2}}]},"5":{"type":"branch","line":17,"loc":{"start":{"line":17,"column":20},"end":{"line":20,"column":3}},"locations":[{"start":{"line":17,"column":20},"end":{"line":20,"column":3}}]},"6":{"type":"branch","line":19,"loc":{"start":{"line":19,"column":33},"end":{"line":19,"column":48}},"locations":[{"start":{"line":19,"column":33},"end":{"line":19,"column":48}}]},"7":{"type":"branch","line":19,"loc":{"start":{"line":19,"column":48},"end":{"line":19,"column":70}},"locations":[{"start":{"line":19,"column":48},"end":{"line":19,"column":70}}]},"8":{"type":"branch","line":20,"loc":{"start":{"line":20,"column":2},"end":{"line":22,"column":2}},"locations":[{"start":{"line":20,"column":2},"end":{"line":22,"column":2}}]},"9":{"type":"branch","line":26,"loc":{"start":{"line":26,"column":12},"end":{"line":33,"column":6}},"locations":[{"start":{"line":26,"column":12},"end":{"line":33,"column":6}}]},"10":{"type":"branch","line":35,"loc":{"start":{"line":35,"column":11},"end":{"line":46,"column":6}},"locations":[{"start":{"line":35,"column":11},"end":{"line":46,"column":6}}]},"11":{"type":"branch","line":41,"loc":{"start":{"line":41,"column":40},"end":{"line":46,"column":6}},"locations":[{"start":{"line":41,"column":40},"end":{"line":46,"column":6}}]},"12":{"type":"branch","line":48,"loc":{"start":{"line":48,"column":12},"end":{"line":50,"column":6}},"locations":[{"start":{"line":48,"column":12},"end":{"line":50,"column":6}}]},"13":{"type":"branch","line":54,"loc":{"start":{"line":54,"column":12},"end":{"line":74,"column":6}},"locations":[{"start":{"line":54,"column":12},"end":{"line":74,"column":6}}]},"14":{"type":"branch","line":60,"loc":{"start":{"line":60,"column":10},"end":{"line":60,"column":27}},"locations":[{"start":{"line":60,"column":10},"end":{"line":60,"column":27}}]},"15":{"type":"branch","line":60,"loc":{"start":{"line":60,"column":27},"end":{"line":62,"column":7}},"locations":[{"start":{"line":60,"column":27},"end":{"line":62,"column":7}}]},"16":{"type":"branch","line":64,"loc":{"start":{"line":64,"column":10},"end":{"line":64,"column":27}},"locations":[{"start":{"line":64,"column":10},"end":{"line":64,"column":27}}]},"17":{"type":"branch","line":64,"loc":{"start":{"line":64,"column":27},"end":{"line":66,"column":7}},"locations":[{"start":{"line":64,"column":27},"end":{"line":66,"column":7}}]},"18":{"type":"branch","line":76,"loc":{"start":{"line":76,"column":13},"end":{"line":83,"column":6}},"locations":[{"start":{"line":76,"column":13},"end":{"line":83,"column":6}}]},"19":{"type":"branch","line":85,"loc":{"start":{"line":85,"column":12},"end":{"line":101,"column":6}},"locations":[{"start":{"line":85,"column":12},"end":{"line":101,"column":6}}]},"20":{"type":"branch","line":103,"loc":{"start":{"line":103,"column":12},"end":{"line":122,"column":6}},"locations":[{"start":{"line":103,"column":12},"end":{"line":122,"column":6}}]},"21":{"type":"branch","line":124,"loc":{"start":{"line":124,"column":12},"end":{"line":132,"column":6}},"locations":[{"start":{"line":124,"column":12},"end":{"line":132,"column":6}}]}},"b":{"0":[41],"1":[18],"2":[23],"3":[6],"4":[16],"5":[4],"6":[2],"7":[1],"8":[12],"9":[1],"10":[5],"11":[3],"12":[1],"13":[4],"14":[3],"15":[2],"16":[3],"17":[2],"18":[2],"19":[1],"20":[1],"21":[2]},"fnMap":{"0":{"name":"setAuthToken","decl":{"start":{"line":5,"column":28},"end":{"line":12,"column":2}},"loc":{"start":{"line":5,"column":28},"end":{"line":12,"column":2}},"line":5},"1":{"name":"getAuthToken","decl":{"start":{"line":14,"column":28},"end":{"line":14,"column":44}},"loc":{"start":{"line":14,"column":28},"end":{"line":14,"column":44}},"line":14},"2":{"name":"handleResponse","decl":{"start":{"line":16,"column":23},"end":{"line":22,"column":2}},"loc":{"start":{"line":16,"column":23},"end":{"line":22,"column":2}},"line":16},"3":{"name":"signup","decl":{"start":{"line":26,"column":12},"end":{"line":33,"column":6}},"loc":{"start":{"line":26,"column":12},"end":{"line":33,"column":6}},"line":26},"4":{"name":"login","decl":{"start":{"line":35,"column":11},"end":{"line":46,"column":6}},"loc":{"start":{"line":35,"column":11},"end":{"line":46,"column":6}},"line":35},"5":{"name":"logout","decl":{"start":{"line":48,"column":12},"end":{"line":50,"column":6}},"loc":{"start":{"line":48,"column":12},"end":{"line":50,"column":6}},"line":48},"6":{"name":"getAll","decl":{"start":{"line":54,"column":12},"end":{"line":74,"column":6}},"loc":{"start":{"line":54,"column":12},"end":{"line":74,"column":6}},"line":54},"7":{"name":"getById","decl":{"start":{"line":76,"column":13},"end":{"line":83,"column":6}},"loc":{"start":{"line":76,"column":13},"end":{"line":83,"column":6}},"line":76},"8":{"name":"create","decl":{"start":{"line":85,"column":12},"end":{"line":101,"column":6}},"loc":{"start":{"line":85,"column":12},"end":{"line":101,"column":6}},"line":85},"9":{"name":"update","decl":{"start":{"line":103,"column":12},"end":{"line":122,"column":6}},"loc":{"start":{"line":103,"column":12},"end":{"line":122,"column":6}},"line":103},"10":{"name":"delete","decl":{"start":{"line":124,"column":12},"end":{"line":132,"column":6}},"loc":{"start":{"line":124,"column":12},"end":{"line":132,"column":6}},"line":124}},"f":{"0":41,"1":6,"2":16,"3":1,"4":5,"5":1,"6":4,"7":2,"8":1,"9":1,"10":2}}
,"/Users/vishaljha/Home-Campus-AI-Assignment/src/lib/utils.ts": {"path":"/Users/vishaljha/Home-Campus-AI-Assignment/src/lib/utils.ts","all":false,"statementMap":{"0":{"start":{"line":1,"column":0},"end":{"line":1,"column":45}},"3":{"start":{"line":4,"column":0},"end":{"line":4,"column":45}},"4":{"start":{"line":5,"column":0},"end":{"line":5,"column":31}},"5":{"start":{"line":6,"column":0},"end":{"line":6,"column":1}}},"s":{"0":1,"3":1,"4":4,"5":4},"branchMap":{"0":{"type":"branch","line":4,"loc":{"start":{"line":4,"column":7},"end":{"line":6,"column":1}},"locations":[{"start":{"line":4,"column":7},"end":{"line":6,"column":1}}]}},"b":{"0":[4]},"fnMap":{"0":{"name":"cn","decl":{"start":{"line":4,"column":7},"end":{"line":6,"column":1}},"loc":{"start":{"line":4,"column":7},"end":{"line":6,"column":1}},"line":4}},"f":{"0":4}}
,"/Users/vishaljha/Home-Campus-AI-Assignment/src/pages/Index.tsx": {"path":"/Users/vishaljha/Home-Campus-AI-Assignment/src/pages/Index.tsx","all":false,"statementMap":{"0":{"start":{"line":1,"column":0},"end":{"line":1,"column":44}},"1":{"start":{"line":2,"column":0},"end":{"line":2,"column":42}},"2":{"start":{"line":3,"column":0},"end":{"line":3,"column":38}},"3":{"start":{"line":4,"column":0},"end":{"line":4,"column":48}},"4":{"start":{"line":5,"column":0},"end":{"line":5,"column":42}},"6":{"start":{"line":7,"column":0},"end":{"line":7,"column":21}},"7":{"start":{"line":8,"column":0},"end":{"line":8,"column":47}},"8":{"start":{"line":9,"column":0},"end":{"line":9,"column":64}},"10":{"start":{"line":11,"column":0},"end":{"line":11,"column":19}},"11":{"start":{"line":12,"column":0},"end":{"line":12,"column":56}},"12":{"start":{"line":13,"column":0},"end":{"line":13,"column":36}},"13":{"start":{"line":14,"column":0},"end":{"line":14,"column":35}},"14":{"start":{"line":15,"column":0},"end":{"line":15,"column":34}},"15":{"start":{"line":16,"column":0},"end":{"line":16,"column":24}},"16":{"start":{"line":17,"column":0},"end":{"line":17,"column":44}},"18":{"start":{"line":19,"column":0},"end":{"line":19,"column":37}},"19":{"start":{"line":20,"column":0},"end":{"line":20,"column":9}},"21":{"start":{"line":22,"column":0},"end":{"line":22,"column":35}},"22":{"start":{"line":23,"column":0},"end":{"line":23,"column":29}},"23":{"start":{"line":24,"column":0},"end":{"line":24,"column":4}},"25":{"start":{"line":26,"column":0},"end":{"line":26,"column":30}},"26":{"start":{"line":27,"column":0},"end":{"line":27,"column":30}},"27":{"start":{"line":28,"column":0},"end":{"line":28,"column":4}},"29":{"start":{"line":30,"column":0},"end":{"line":30,"column":16}},"30":{"start":{"line":31,"column":0},"end":{"line":31,"column":22}},"31":{"start":{"line":32,"column":0},"end":{"line":32,"column":3}},"33":{"start":{"line":34,"column":0},"end":{"line":34,"column":25}},"34":{"start":{"line":35,"column":0},"end":{"line":35,"column":54}},"35":{"start":{"line":36,"column":0},"end":{"line":36,"column":3}},"37":{"start":{"line":38,"column":0},"end":{"line":38,"column":47}},"38":{"start":{"line":39,"column":0},"end":{"line":39,"column":2}},"40":{"start":{"line":41,"column":0},"end":{"line":41,"column":21}}},"s":{"0":1,"1":1,"2":1,"3":1,"4":1,"6":1,"7":8,"8":8,"10":8,"11":4,"12":4,"13":3,"14":3,"15":3,"16":4,"18":4,"19":8,"21":8,"22":1,"23":1,"25":8,"26":0,"27":0,"29":8,"30":4,"31":4,"33":8,"34":2,"35":2,"37":2,"38":2,"40":1},"branchMap":{"0":{"type":"branch","line":7,"loc":{"start":{"line":7,"column":14},"end":{"line":39,"column":2}},"locations":[{"start":{"line":7,"column":14},"end":{"line":39,"column":2}}]},"1":{"type":"branch","line":30,"loc":{"start":{"line":30,"column":15},"end":{"line":34,"column":24}},"locations":[{"start":{"line":30,"column":15},"end":{"line":34,"column":24}}]},"2":{"type":"branch","line":34,"loc":{"start":{"line":34,"column":24},"end":{"line":39,"column":2}},"locations":[{"start":{"line":34,"column":24},"end":{"line":39,"column":2}}]},"3":{"type":"branch","line":11,"loc":{"start":{"line":11,"column":12},"end":{"line":20,"column":5}},"locations":[{"start":{"line":11,"column":12},"end":{"line":20,"column":5}}]},"4":{"type":"branch","line":13,"loc":{"start":{"line":13,"column":29},"end":{"line":17,"column":7}},"locations":[{"start":{"line":13,"column":29},"end":{"line":17,"column":7}}]},"5":{"type":"branch","line":19,"loc":{"start":{"line":19,"column":11},"end":{"line":19,"column":37}},"locations":[{"start":{"line":19,"column":11},"end":{"line":19,"column":37}}]},"6":{"type":"branch","line":22,"loc":{"start":{"line":22,"column":28},"end":{"line":24,"column":4}},"locations":[{"start":{"line":22,"column":28},"end":{"line":24,"column":4}}]}},"b":{"0":[8],"1":[4],"2":[2],"3":[4],"4":[3],"5":[4],"6":[1]},"fnMap":{"0":{"name":"Index","decl":{"start":{"line":7,"column":14},"end":{"line":39,"column":2}},"loc":{"start":{"line":7,"column":14},"end":{"line":39,"column":2}},"line":7},"1":{"name":"handleAuthSuccess","decl":{"start":{"line":22,"column":28},"end":{"line":24,"column":4}},"loc":{"start":{"line":22,"column":28},"end":{"line":24,"column":4}},"line":22},"2":{"name":"handleLogout","decl":{"start":{"line":26,"column":23},"end":{"line":28,"column":4}},"loc":{"start":{"line":26,"column":23},"end":{"line":28,"column":4}},"line":26}},"f":{"0":8,"1":1,"2":0}}
,"/Users/vishaljha/Home-Campus-AI-Assignment/src/pages/NotFound.tsx": {"path":"/Users/vishaljha/Home-Campus-AI-Assignment/src/pages/NotFound.tsx","all":false,"statementMap":{"0":{"start":{"line":1,"column":0},"end":{"line":1,"column":47}},"1":{"start":{"line":2,"column":0},"end":{"line":2,"column":34}},"3":{"start":{"line":4,"column":0},"end":{"line":4,"column":24}},"4":{"start":{"line":5,"column":0},"end":{"line":5,"column":33}},"6":{"start":{"line":7,"column":0},"end":{"line":7,"column":19}},"7":{"start":{"line":8,"column":0},"end":{"line":8,"column":96}},"8":{"start":{"line":9,"column":0},"end":{"line":9,"column":26}},"10":{"start":{"line":11,"column":0},"end":{"line":11,"column":10}},"11":{"start":{"line":12,"column":0},"end":{"line":12,"column":79}},"12":{"start":{"line":13,"column":0},"end":{"line":13,"column":35}},"13":{"start":{"line":14,"column":0},"end":{"line":14,"column":56}},"14":{"start":{"line":15,"column":0},"end":{"line":15,"column":74}},"15":{"start":{"line":16,"column":0},"end":{"line":16,"column":76}},"21":{"start":{"line":22,"column":0},"end":{"line":22,"column":2}},"23":{"start":{"line":24,"column":0},"end":{"line":24,"column":24}}},"s":{"0":1,"1":1,"3":1,"4":4,"6":4,"7":4,"8":4,"10":4,"11":4,"12":4,"13":4,"14":4,"15":4,"21":4,"23":1},"branchMap":{"0":{"type":"branch","line":4,"loc":{"start":{"line":4,"column":17},"end":{"line":22,"column":2}},"locations":[{"start":{"line":4,"column":17},"end":{"line":22,"column":2}}]},"1":{"type":"branch","line":7,"loc":{"start":{"line":7,"column":12},"end":{"line":9,"column":5}},"locations":[{"start":{"line":7,"column":12},"end":{"line":9,"column":5}}]}},"b":{"0":[4],"1":[4]},"fnMap":{"0":{"name":"NotFound","decl":{"start":{"line":4,"column":17},"end":{"line":22,"column":2}},"loc":{"start":{"line":4,"column":17},"end":{"line":22,"column":2}},"line":4}},"f":{"0":4}}
}
