TN:
SF:src/components/Auth.tsx
FN:9,Auth
FN:16,handleSubmit
FN:83,onChange
FN:98,onChange
FN:131,onClick
FNF:5
FNH:5
FNDA:203,Auth
FNDA:9,handleSubmit
FNDA:87,onChange
FNDA:81,onChange
FNDA:5,onClick
DA:1,1
DA:9,1
DA:10,203
DA:11,203
DA:12,203
DA:13,203
DA:14,203
DA:16,203
DA:17,9
DA:18,9
DA:19,9
DA:21,9
DA:22,9
DA:23,8
DA:24,9
DA:25,1
DA:26,1
DA:27,1
DA:28,4
DA:29,4
DA:30,3
DA:31,9
DA:32,7
DA:33,7
DA:34,9
DA:36,203
DA:37,203
DA:39,203
DA:40,203
DA:41,203
DA:42,203
DA:43,203
DA:44,203
DA:45,203
DA:46,203
DA:47,203
DA:48,203
DA:49,203
DA:54,203
DA:55,203
DA:57,203
DA:58,203
DA:59,203
DA:60,203
DA:61,168
DA:63,203
DA:66,203
DA:68,203
DA:69,203
DA:71,203
DA:74,203
DA:75,203
DA:76,203
DA:79,203
DA:80,203
DA:81,203
DA:82,203
DA:83,203
DA:84,203
DA:85,203
DA:86,203
DA:90,203
DA:91,203
DA:94,203
DA:95,203
DA:96,203
DA:97,203
DA:98,203
DA:99,203
DA:100,203
DA:101,203
DA:105,203
DA:106,203
DA:107,203
DA:111,203
DA:112,203
DA:113,203
DA:114,203
DA:116,203
DA:117,9
DA:118,9
DA:121,9
DA:122,160
DA:124,34
DA:129,203
DA:130,203
DA:131,203
DA:132,5
DA:133,5
DA:134,5
DA:135,203
DA:137,203
DA:144,203
LF:93
LH:93
BRDA:9,0,0,203
BRDA:60,1,0,168
BRDA:69,2,0,168
BRDA:69,3,0,35
BRDA:116,4,0,9
BRDA:121,5,0,194
BRDA:121,6,0,160
BRDA:122,7,0,34
BRDA:137,8,0,168
BRDA:137,9,0,35
BRDA:16,10,0,9
BRDA:22,11,0,8
BRDA:23,12,0,3
BRDA:24,13,0,1
BRDA:27,14,0,4
BRDA:29,15,0,3
BRDA:30,16,0,0
BRDA:31,17,0,7
BRDA:83,18,0,87
BRDA:98,19,0,81
BRDA:131,20,0,5
BRF:21
BRH:20
end_of_record
TN:
SF:src/components/Dashboard.tsx
FN:28,Dashboard
FN:42,fetchStudents
FN:71,handleAddStudent
FN:78,handleUpdateStudent
FN:87,handleDeleteStudent
FN:97,handleLogout
FN:203,onClick
FN:228,onChange
FN:240,onChange
FN:334,onClick
FN:343,onClick
FN:363,onClick
FN:373,onClick
FN:390,onClose
FN:407,onClick
FN:413,onClick
FNF:16
FNH:12
FNDA:124,Dashboard
FNDA:41,fetchStudents
FNDA:2,handleAddStudent
FNDA:2,handleUpdateStudent
FNDA:4,handleDeleteStudent
FNDA:1,handleLogout
FNDA:3,onClick
FNDA:6,onChange
FNDA:0,onChange
FNDA:3,onClick
FNDA:6,onClick
FNDA:0,onClick
FNDA:0,onClick
FNDA:0,onClose
FNDA:1,onClick
FNDA:4,onClick
DA:1,1
DA:28,1
DA:29,124
DA:30,124
DA:31,124
DA:32,124
DA:33,124
DA:34,124
DA:35,124
DA:36,124
DA:37,124
DA:38,124
DA:40,124
DA:42,124
DA:43,41
DA:44,41
DA:45,41
DA:46,41
DA:47,41
DA:48,41
DA:50,41
DA:52,39
DA:53,39
DA:54,39
DA:55,41
DA:56,0
DA:57,0
DA:58,41
DA:59,1
DA:60,1
DA:61,1
DA:62,41
DA:63,40
DA:64,40
DA:65,41
DA:67,124
DA:68,34
DA:69,124
DA:71,124
DA:72,2
DA:73,2
DA:74,2
DA:75,2
DA:76,2
DA:78,124
DA:79,2
DA:80,2
DA:81,2
DA:82,2
DA:83,2
DA:84,2
DA:85,2
DA:87,124
DA:88,4
DA:89,4
DA:90,3
DA:91,3
DA:92,4
DA:93,1
DA:94,1
DA:95,4
DA:97,124
DA:98,1
DA:99,1
DA:100,1
DA:102,124
DA:103,124
DA:104,124
DA:105,124
DA:106,124
DA:107,89
DA:108,89
DA:109,89
DA:110,89
DA:111,89
DA:112,89
DA:113,35
DA:114,124
DA:116,124
DA:117,124
DA:119,124
DA:120,124
DA:121,124
DA:122,124
DA:123,124
DA:124,124
DA:125,124
DA:126,124
DA:127,124
DA:128,124
DA:129,124
DA:134,124
DA:135,124
DA:136,124
DA:137,124
DA:138,124
DA:139,124
DA:141,124
DA:145,124
DA:146,124
DA:147,124
DA:149,124
DA:150,124
DA:156,124
DA:158,124
DA:159,124
DA:160,124
DA:161,124
DA:162,124
DA:163,124
DA:165,124
DA:166,124
DA:171,124
DA:172,124
DA:173,124
DA:174,124
DA:175,124
DA:177,124
DA:178,124
DA:183,124
DA:184,124
DA:185,124
DA:186,124
DA:187,124
DA:189,124
DA:190,124
DA:197,124
DA:198,124
DA:199,124
DA:202,124
DA:203,124
DA:204,3
DA:205,3
DA:206,3
DA:207,124
DA:209,124
DA:210,124
DA:214,124
DA:215,124
DA:216,124
DA:221,124
DA:222,124
DA:223,124
DA:224,124
DA:225,124
DA:226,124
DA:227,124
DA:228,124
DA:229,6
DA:230,6
DA:231,6
DA:232,124
DA:236,124
DA:237,124
DA:238,124
DA:239,124
DA:240,124
DA:241,0
DA:242,0
DA:243,0
DA:244,124
DA:246,124
DA:247,124
DA:248,124
DA:249,124
DA:255,124
DA:256,41
DA:257,41
DA:258,41
DA:259,41
DA:261,41
DA:263,124
DA:264,7
DA:265,7
DA:266,7
DA:268,7
DA:271,7
DA:272,124
DA:273,124
DA:274,124
DA:275,124
DA:276,124
DA:277,124
DA:278,124
DA:279,124
DA:280,124
DA:281,124
DA:282,124
DA:285,124
DA:286,124
DA:287,124
DA:288,124
DA:289,124
DA:290,124
DA:292,124
DA:293,124
DA:294,124
DA:295,124
DA:296,124
DA:297,152
DA:298,76
DA:299,37
DA:300,39
DA:301,124
DA:303,124
DA:306,124
DA:307,124
DA:308,152
DA:309,152
DA:310,152
DA:313,124
DA:316,124
DA:317,124
DA:318,124
DA:319,124
DA:320,124
DA:321,124
DA:324,124
DA:327,124
DA:328,124
DA:329,124
DA:331,124
DA:332,124
DA:333,124
DA:334,124
DA:335,3
DA:336,3
DA:337,3
DA:338,124
DA:340,124
DA:342,124
DA:343,124
DA:344,124
DA:346,124
DA:357,124
DA:358,124
DA:359,124
DA:361,124
DA:362,124
DA:363,124
DA:364,124
DA:365,124
DA:367,124
DA:369,124
DA:370,124
DA:372,124
DA:373,124
DA:374,124
DA:375,124
DA:377,124
DA:387,124
DA:388,124
DA:389,124
DA:390,124
DA:391,0
DA:392,0
DA:393,0
DA:394,124
DA:398,124
DA:399,124
DA:400,124
DA:401,124
DA:402,124
DA:405,124
DA:406,124
DA:407,124
DA:408,124
DA:409,124
DA:412,124
DA:413,124
DA:414,124
DA:415,124
DA:424,124
LF:273
LH:265
BRDA:28,0,0,124
BRDA:106,1,0,89
BRDA:112,2,0,35
BRDA:255,3,0,41
BRDA:263,4,0,7
BRDA:394,5,0,3
BRDA:394,6,0,3
BRDA:42,7,0,41
BRDA:47,8,0,0
BRDA:48,9,0,6
BRDA:50,10,0,39
BRDA:54,11,0,3
BRDA:55,12,0,0
BRDA:58,13,0,1
BRDA:60,14,0,0
BRDA:62,15,0,40
BRDA:67,16,0,34
BRDA:71,17,0,2
BRDA:78,18,0,2
BRDA:87,19,0,4
BRDA:89,20,0,3
BRDA:92,21,0,1
BRDA:93,22,0,0
BRDA:97,23,0,1
BRDA:104,24,0,267
BRDA:109,25,0,267
BRDA:109,26,0,0
BRDA:203,27,0,3
BRDA:228,28,0,6
BRDA:296,29,0,152
BRDA:297,30,0,76
BRDA:298,31,0,37
BRDA:299,32,0,39
BRDA:307,33,0,152
BRDA:329,34,0,0
BRDA:334,35,0,3
BRDA:343,36,0,6
BRDA:407,37,0,1
BRDA:413,38,0,4
BRF:39
BRH:33
end_of_record
TN:
SF:src/components/Loader.tsx
FN:3,Loader
FNF:1
FNH:1
FNDA:11,Loader
DA:1,1
DA:3,1
DA:4,11
DA:6,11
DA:7,9
DA:8,381
DA:9,135
DA:10,66
DA:11,66
DA:12,66
DA:13,69
DA:14,69
DA:15,9
DA:17,9
DA:18,11
DA:20,11
DA:21,11
DA:23,11
DA:24,11
DA:25,11
DA:26,11
DA:27,11
DA:28,11
DA:29,11
DA:30,11
DA:31,11
DA:32,11
DA:33,11
DA:38,11
DA:40,11
DA:42,11
DA:45,11
DA:48,11
DA:51,11
DA:52,11
DA:53,11
DA:54,11
DA:55,11
DA:56,11
DA:57,11
DA:58,11
DA:59,11
DA:61,11
DA:62,11
DA:63,11
DA:64,11
DA:65,11
DA:66,11
DA:67,11
DA:74,11
DA:75,11
DA:76,11
DA:77,11
DA:83,11
DA:85,11
DA:86,11
DA:87,11
DA:88,11
DA:90,11
DA:95,11
DA:96,11
DA:99,11
DA:100,11
DA:105,11
DA:106,11
DA:107,11
DA:108,11
DA:109,11
DA:110,11
DA:111,11
DA:112,11
DA:113,11
DA:121,11
LF:73
LH:73
BRDA:3,0,0,11
BRDA:6,1,0,9
BRDA:7,2,0,381
BRDA:8,3,0,135
BRDA:9,4,0,66
BRDA:12,5,0,69
BRDA:17,6,0,9
BRF:7
BRH:7
end_of_record
TN:
SF:src/components/StudentModal.tsx
FN:31,StudentModal
FN:54,handleSubmit
FN:99,onChange
FN:114,onChange
FN:132,onChange
FN:152,onChange
FN:174,onChange
FNF:7
FNH:3
FNDA:67,StudentModal
FNDA:6,handleSubmit
FNDA:40,onChange
FNDA:0,onChange
FNDA:0,onChange
FNDA:0,onChange
FNDA:0,onChange
DA:1,1
DA:31,1
DA:32,67
DA:33,67
DA:34,67
DA:35,67
DA:36,67
DA:37,67
DA:38,67
DA:39,67
DA:40,67
DA:42,67
DA:43,15
DA:44,5
DA:45,5
DA:46,5
DA:47,5
DA:48,5
DA:49,5
DA:50,5
DA:51,5
DA:52,67
DA:54,67
DA:55,6
DA:56,6
DA:57,6
DA:59,6
DA:60,6
DA:61,5
DA:62,1
DA:63,1
DA:64,1
DA:65,6
DA:67,67
DA:69,67
DA:70,67
DA:71,67
DA:73,67
DA:74,67
DA:75,67
DA:76,67
DA:78,67
DA:79,67
DA:82,67
DA:83,67
DA:84,67
DA:86,67
DA:90,67
DA:92,67
DA:93,67
DA:96,67
DA:97,67
DA:98,67
DA:99,67
DA:100,67
DA:101,67
DA:102,67
DA:107,67
DA:108,67
DA:109,67
DA:112,67
DA:113,67
DA:114,67
DA:115,67
DA:116,67
DA:118,67
DA:119,67
DA:120,67
DA:124,67
DA:125,67
DA:128,67
DA:129,67
DA:130,67
DA:131,67
DA:132,67
DA:133,67
DA:135,67
DA:141,67
DA:142,67
DA:143,67
DA:145,67
DA:147,67
DA:148,67
DA:149,67
DA:150,67
DA:151,67
DA:152,67
DA:153,0
DA:155,67
DA:157,67
DA:158,67
DA:159,67
DA:160,67
DA:164,67
DA:165,67
DA:167,67
DA:169,67
DA:170,67
DA:171,67
DA:172,67
DA:173,67
DA:174,67
DA:175,0
DA:177,67
DA:179,67
DA:180,67
DA:181,67
DA:182,67
DA:188,67
DA:189,67
DA:190,67
DA:191,67
DA:192,67
DA:193,67
DA:197,67
DA:198,67
DA:199,67
DA:203,67
DA:204,67
DA:205,67
DA:206,67
DA:207,67
DA:214,67
DA:215,67
DA:216,67
DA:221,67
DA:222,67
DA:223,67
DA:224,67
DA:225,67
DA:226,67
DA:229,67
DA:230,67
DA:231,67
DA:232,67
DA:234,67
DA:235,6
DA:236,6
DA:239,6
DA:240,10
DA:242,51
DA:250,67
LF:142
LH:140
BRDA:31,0,0,67
BRDA:79,1,0,12
BRDA:79,2,0,55
BRDA:203,3,0,12
BRDA:234,4,0,6
BRDA:239,5,0,61
BRDA:239,6,0,10
BRDA:240,7,0,51
BRDA:42,8,0,15
BRDA:43,9,0,5
BRDA:47,10,0,0
BRDA:48,11,0,0
BRDA:48,12,0,0
BRDA:49,13,0,0
BRDA:49,14,0,0
BRDA:54,15,0,6
BRDA:60,16,0,5
BRDA:61,17,0,1
BRDA:62,18,0,0
BRDA:99,19,0,40
BRF:20
BRH:14
end_of_record
TN:
SF:src/lib/api.ts
FN:5,setAuthToken
FN:14,getAuthToken
FN:16,handleResponse
FN:26,signup
FN:35,login
FN:48,logout
FN:54,getAll
FN:76,getById
FN:85,create
FN:103,update
FN:124,delete
FNF:11
FNH:11
FNDA:41,setAuthToken
FNDA:6,getAuthToken
FNDA:16,handleResponse
FNDA:1,signup
FNDA:5,login
FNDA:1,logout
FNDA:4,getAll
FNDA:2,getById
FNDA:1,create
FNDA:1,update
FNDA:2,delete
DA:1,1
DA:3,1
DA:5,1
DA:6,41
DA:7,41
DA:8,18
DA:9,41
DA:10,23
DA:11,23
DA:12,41
DA:14,1
DA:16,1
DA:17,16
DA:18,4
DA:19,4
DA:20,4
DA:21,12
DA:22,12
DA:24,1
DA:25,1
DA:26,1
DA:27,1
DA:28,1
DA:29,1
DA:30,1
DA:31,1
DA:32,1
DA:33,1
DA:35,1
DA:36,5
DA:37,5
DA:38,5
DA:39,5
DA:40,5
DA:41,5
DA:42,3
DA:43,3
DA:44,3
DA:45,3
DA:46,3
DA:48,1
DA:49,1
DA:50,1
DA:51,1
DA:53,1
DA:54,1
DA:55,4
DA:56,4
DA:57,4
DA:58,4
DA:60,4
DA:61,2
DA:62,2
DA:64,4
DA:65,2
DA:66,2
DA:68,4
DA:69,4
DA:70,4
DA:71,4
DA:72,4
DA:73,4
DA:74,4
DA:76,1
DA:77,2
DA:78,2
DA:79,2
DA:80,2
DA:81,2
DA:82,2
DA:83,2
DA:85,1
DA:92,1
DA:93,1
DA:94,1
DA:95,1
DA:96,1
DA:97,1
DA:98,1
DA:99,1
DA:100,1
DA:101,1
DA:103,1
DA:104,1
DA:105,1
DA:113,1
DA:114,1
DA:115,1
DA:116,1
DA:117,1
DA:118,1
DA:119,1
DA:120,1
DA:121,1
DA:122,1
DA:124,1
DA:125,2
DA:126,2
DA:127,2
DA:128,2
DA:129,2
DA:130,2
DA:131,2
DA:132,2
DA:133,1
DA:134,1
LF:106
LH:106
BRDA:5,0,0,41
BRDA:7,1,0,18
BRDA:9,2,0,23
BRDA:14,3,0,6
BRDA:16,4,0,16
BRDA:17,5,0,4
BRDA:19,6,0,2
BRDA:19,7,0,1
BRDA:20,8,0,12
BRDA:26,9,0,1
BRDA:35,10,0,5
BRDA:41,11,0,3
BRDA:48,12,0,1
BRDA:54,13,0,4
BRDA:60,14,0,3
BRDA:60,15,0,2
BRDA:64,16,0,3
BRDA:64,17,0,2
BRDA:76,18,0,2
BRDA:85,19,0,1
BRDA:103,20,0,1
BRDA:124,21,0,2
BRF:22
BRH:22
end_of_record
TN:
SF:src/lib/utils.ts
FN:4,cn
FNF:1
FNH:1
FNDA:4,cn
DA:1,1
DA:4,1
DA:5,4
DA:6,4
LF:4
LH:4
BRDA:4,0,0,4
BRF:1
BRH:1
end_of_record
TN:
SF:src/pages/Index.tsx
FN:7,Index
FN:22,handleAuthSuccess
FN:26,handleLogout
FNF:3
FNH:2
FNDA:8,Index
FNDA:1,handleAuthSuccess
FNDA:0,handleLogout
DA:1,1
DA:2,1
DA:3,1
DA:4,1
DA:5,1
DA:7,1
DA:8,8
DA:9,8
DA:11,8
DA:12,4
DA:13,4
DA:14,3
DA:15,3
DA:16,3
DA:17,4
DA:19,4
DA:20,8
DA:22,8
DA:23,1
DA:24,1
DA:26,8
DA:27,0
DA:28,0
DA:30,8
DA:31,4
DA:32,4
DA:34,8
DA:35,2
DA:36,2
DA:38,2
DA:39,2
DA:41,1
LF:32
LH:30
BRDA:7,0,0,8
BRDA:30,1,0,4
BRDA:34,2,0,2
BRDA:11,3,0,4
BRDA:13,4,0,3
BRDA:19,5,0,4
BRDA:22,6,0,1
BRF:7
BRH:7
end_of_record
TN:
SF:src/pages/NotFound.tsx
FN:4,NotFound
FNF:1
FNH:1
FNDA:4,NotFound
DA:1,1
DA:2,1
DA:4,1
DA:5,4
DA:7,4
DA:8,4
DA:9,4
DA:11,4
DA:12,4
DA:13,4
DA:14,4
DA:15,4
DA:16,4
DA:22,4
DA:24,1
LF:15
LH:15
BRDA:4,0,0,4
BRDA:7,1,0,4
BRF:2
BRH:2
end_of_record
